#
# A fatal error has been detected by the Java Runtime Environment:
#
#  SIGBUS (0xa) at pc=0x000000010f29d86b, pid=87975, tid=31491
#
# JRE version: OpenJDK Runtime Environment (11.0.4+10) (build 11.0.4+10-b520.11)
# Java VM: OpenJDK 64-Bit Server VM (11.0.4+10-b520.11, mixed mode, tiered, compressed oops, g1 gc, bsd-amd64)
# Problematic frame:
# j  org.apache.catalina.core.ApplicationHttpRequest.setSpecial(Ljava/lang/String;Ljava/lang/Object;)Z+0
#
# No core dump will be written. Core dumps have been disabled. To enable core dumping, try "ulimit -c unlimited" before starting Java again
#
# If you would like to submit a bug report, please visit:
#   http://bugreport.java.com/bugreport/crash.jsp
#

---------------  S U M M A R Y ------------

Command Line: -XX:TieredStopAtLevel=1 -Xverify:none -Dspring.output.ansi.enabled=always -Dcom.sun.management.jmxremote -Dspring.jmx.enabled=true -Dspring.liveBeansView.mbeanDomain -Dspring.application.admin.enabled=true -javaagent:/Applications/IntelliJ IDEA.app/Contents/lib/idea_rt.jar=55972:/Applications/IntelliJ IDEA.app/Contents/bin -Dfile.encoding=UTF-8 de.hhu.propra2.material2.mops.Material2Application

Host: MacBookPro12,1 x86_64 2700 MHz, 4 cores, 8G, Darwin 19.3.0
Time: Mon Mar  9 16:30:48 2020 CET elapsed time: 3431 seconds (0d 0h 57m 11s)

---------------  T H R E A D  ---------------

Current thread (0x00007fedf2f46800):  JavaThread "http-nio-8080-exec-4" daemon [_thread_in_Java, id=31491, stack(0x0000700006727000,0x0000700006827000)]

Stack: [0x0000700006727000,0x0000700006827000],  sp=0x00007000068260f0,  free space=1020k
Native frames: (J=compiled Java code, A=aot compiled Java code, j=interpreted, Vv=VM code, C=native code)
j  org.apache.catalina.core.ApplicationHttpRequest.setSpecial(Ljava/lang/String;Ljava/lang/Object;)Z+0
j  org.apache.catalina.core.ApplicationHttpRequest.setAttribute(Ljava/lang/String;Ljava/lang/Object;)V+36
j  org.apache.catalina.core.ApplicationDispatcher.doForward(Ljavax/servlet/ServletRequest;Ljavax/servlet/ServletResponse;)V+205
j  org.apache.catalina.core.ApplicationDispatcher.forward(Ljavax/servlet/ServletRequest;Ljavax/servlet/ServletResponse;)V+55
j  org.apache.catalina.core.StandardHostValve.custom(Lorg/apache/catalina/connector/Request;Lorg/apache/catalina/connector/Response;Lorg/apache/tomcat/util/descriptor/web/ErrorPage;)Z+159
j  org.apache.catalina.core.StandardHostValve.status(Lorg/apache/catalina/connector/Request;Lorg/apache/catalina/connector/Response;)V+159
j  org.apache.catalina.core.StandardHostValve.invoke(Lorg/apache/catalina/connector/Request;Lorg/apache/catalina/connector/Response;)V+299
j  org.apache.catalina.valves.ErrorReportValve.invoke(Lorg/apache/catalina/connector/Request;Lorg/apache/catalina/connector/Response;)V+6
j  org.apache.catalina.core.StandardEngineValve.invoke(Lorg/apache/catalina/connector/Request;Lorg/apache/catalina/connector/Response;)V+45
j  org.apache.catalina.connector.CoyoteAdapter.service(Lorg/apache/coyote/Request;Lorg/apache/coyote/Response;)V+199
j  org.apache.coyote.http11.Http11Processor.service(Lorg/apache/tomcat/util/net/SocketWrapperBase;)Lorg/apache/tomcat/util/net/AbstractEndpoint$Handler$SocketState;+727
j  org.apache.coyote.AbstractProcessorLight.process(Lorg/apache/tomcat/util/net/SocketWrapperBase;Lorg/apache/tomcat/util/net/SocketEvent;)Lorg/apache/tomcat/util/net/AbstractEndpoint$Handler$SocketState;+170
j  org.apache.coyote.AbstractProtocol$ConnectionHandler.process(Lorg/apache/tomcat/util/net/SocketWrapperBase;Lorg/apache/tomcat/util/net/SocketEvent;)Lorg/apache/tomcat/util/net/AbstractEndpoint$Handler$SocketState;+505
j  org.apache.tomcat.util.net.NioEndpoint$SocketProcessor.doRun()V+221
j  org.apache.tomcat.util.net.SocketProcessorBase.run()V+21
j  java.util.concurrent.ThreadPoolExecutor.runWorker(Ljava/util/concurrent/ThreadPoolExecutor$Worker;)V+92 java.base@11.0.4
j  java.util.concurrent.ThreadPoolExecutor$Worker.run()V+5 java.base@11.0.4
j  org.apache.tomcat.util.threads.TaskThread$WrappingRunnable.run()V+4
j  java.lang.Thread.run()V+11 java.base@11.0.4
v  ~StubRoutines::call_stub
V  [libjvm.dylib+0x398b42]  JavaCalls::call_helper(JavaValue*, methodHandle const&, JavaCallArguments*, Thread*)+0x21a
V  [libjvm.dylib+0x397f8c]  JavaCalls::call_virtual(JavaValue*, Klass*, Symbol*, Symbol*, JavaCallArguments*, Thread*)+0xee
V  [libjvm.dylib+0x398048]  JavaCalls::call_virtual(JavaValue*, Handle, Klass*, Symbol*, Symbol*, Thread*)+0x62
V  [libjvm.dylib+0x41c0ac]  thread_entry(JavaThread*, Thread*)+0x78
V  [libjvm.dylib+0x6eb7c8]  JavaThread::thread_main_inner()+0x82
V  [libjvm.dylib+0x6eb613]  JavaThread::run()+0x1a3
V  [libjvm.dylib+0x6e968c]  Thread::call_run()+0x60
V  [libjvm.dylib+0x5ee457]  thread_native_entry(Thread*)+0x139
C  [libsystem_pthread.dylib+0x5e65]  _pthread_start+0x94
C  [libsystem_pthread.dylib+0x183b]  thread_start+0xf


siginfo: si_signo: 10 (SIGBUS), si_code: 2 (BUS_ADRERR), si_addr: 0x0000000129f835c8

Register to memory mapping:

RAX=0x0 is NULL
RBX=0x00000000000000b2 is an unknown value
RCX=0x0000000129e83400 is pointing into metadata
RDX=0x0000000000020034 is an unknown value
RSP=0x00007000068260f0 is pointing into the stack for thread: 0x00007fedf2f46800
RBP=0x0000700006826138 is pointing into the stack for thread: 0x00007fedf2f46800
RSI=0x0000000785675c78 is an oop: [B 
{0x0000000785675c78} - klass: {type array byte}
 - length: 33
RDI=0x0000000000000030 is an unknown value
R8 =0x0 is NULL
R9 =0x00007fedf2f46800 is a thread
R10=0x000000010a14da20: _ZN19TemplateInterpreter13_active_tableE+0x4800 in /Applications/IntelliJ IDEA.app/Contents/jbr/Contents/Home/lib/server/libjvm.dylib at 0x0000000109800000
R11=0x000000010f92b100 is at entry_point+32 in (nmethod*)0x000000010f92af10
R12=0x0 is NULL
R13=0x0000000129e82dea is pointing into metadata
R14=0x0000700006826160 is pointing into the stack for thread: 0x00007fedf2f46800
R15=0x00007fedf2f46800 is a thread


Registers:
RAX=0x0000000000000000, RBX=0x00000000000000b2, RCX=0x0000000129e83400, RDX=0x0000000000020034
RSP=0x00007000068260f0, RBP=0x0000700006826138, RSI=0x0000000785675c78, RDI=0x0000000000000030
R8 =0x0000000000000000, R9 =0x00007fedf2f46800, R10=0x000000010a14da20, R11=0x000000010f92b100
R12=0x0000000000000000, R13=0x0000000129e82dea, R14=0x0000700006826160, R15=0x00007fedf2f46800
RIP=0x000000010f29d86b, EFLAGS=0x0000000000010202, ERR=0x0000000000000004
  TRAPNO=0x000000000000000e

Top of Stack: (sp=0x00007000068260f0)
0x00007000068260f0:   00007000068260f0 0000000129e82de0
0x0000700006826100:   0000700006826160 0000000129e83400
0x0000700006826110:   0000000000000000 000000078560d6e0
0x0000700006826120:   0000000129e82e48 0000000000000000
0x0000700006826130:   0000700006826150 00007000068261b0
0x0000700006826140:   000000010f28a450 0000000000000000
0x0000700006826150:   0000000787774db0 0000000785675458
0x0000700006826160:   00000007877a9588 0000700006826168
0x0000700006826170:   0000000129e8138c 00007000068261d0
0x0000700006826180:   0000000129e83400 0000000000000000
0x0000700006826190:   000000078560d6e0 0000000129e813d8
0x00007000068261a0:   0000700006826150 00007000068261c0
0x00007000068261b0:   0000700006826220 000000010f28aca7
0x00007000068261c0:   0000000787774db0 0000000785675458
0x00007000068261d0:   00000007877a9588 00007000068261d8
0x00007000068261e0:   0000000129c02db5 0000700006826258
0x00007000068261f0:   0000000129c04c48 0000000000000000
0x0000700006826200:   00000007855dd1e8 0000000129c03020
0x0000700006826210:   00007000068261c0 0000700006826248
0x0000700006826220:   00007000068262a8 000000010f28aca7
0x0000700006826230:   0000000785534dd0 00000007877a9588
0x0000700006826240:   00000007877a9560 00000007854aa778
0x0000700006826250:   0000000785534dd0 00000007877a9530
0x0000700006826260:   0000700006826260 0000000129c02be7
0x0000700006826270:   00007000068262d8 0000000129c04c48
0x0000700006826280:   0000000000000000 00000007855dd1e8
0x0000700006826290:   0000000129c02c58 0000700006826248
0x00007000068262a0:   00007000068262c8 0000700006826328
0x00007000068262b0:   000000010f28acec 0000000000000000
0x00007000068262c0:   0000000000000000 00000007854aa778
0x00007000068262d0:   0000000785534dd0 00000007877a9530
0x00007000068262e0:   00007000068262e0 0000000128946eef 

Instructions: (pc=0x000000010f29d86b)
0x000000010f29d76b:   64 24 d8 48 81 ec 80 00 00 00 48 89 44 24 78 48
0x000000010f29d77b:   89 4c 24 70 48 89 54 24 68 48 89 5c 24 60 48 89
0x000000010f29d78b:   6c 24 50 48 89 74 24 48 48 89 7c 24 40 4c 89 44
0x000000010f29d79b:   24 38 4c 89 4c 24 30 4c 89 54 24 28 4c 89 5c 24
0x000000010f29d7ab:   20 4c 89 64 24 18 4c 89 6c 24 10 4c 89 74 24 08
0x000000010f29d7bb:   4c 89 3c 24 48 bf 5d 73 f7 09 01 00 00 00 48 be
0x000000010f29d7cb:   69 d7 29 0f 01 00 00 00 48 8b d4 48 83 e4 f0 e8
0x000000010f29d7db:   a1 92 a9 fa f4 c9 41 5d 48 8b e3 41 ff e5 0f 1f
0x000000010f29d7eb:   80 00 00 00 00 00 00 00 00 00 00 00 00 00 00 00
0x000000010f29d7fb:   00 00 00 00 00 40 02 00 00 00 00 00 00 07 5e f7
0x000000010f29d80b:   09 01 00 00 00 b2 00 00 00 00 00 00 00 00 00 00
0x000000010f29d81b:   00 00 00 00 00 50 e9 39 00 00 00 48 83 ec 08 c5
0x000000010f29d82b:   fa 11 04 24 e9 2b 00 00 00 48 83 ec 10 c5 fb 11
0x000000010f29d83b:   04 24 e9 1d 00 00 00 48 83 ec 10 48 89 04 24 49
0x000000010f29d84b:   ba 00 00 00 00 00 00 00 00 4c 89 54 24 08 e9 01
0x000000010f29d85b:   00 00 00 50 41 0f b7 55 01 48 8b 4d d0 c1 e2 02
0x000000010f29d86b:   8b 5c d1 28 c1 eb 10 81 e3 ff 00 00 00 81 fb b2
0x000000010f29d87b:   00 00 00 0f 84 b0 00 00 00 bb b2 00 00 00 e8 05
0x000000010f29d88b:   00 00 00 e9 95 00 00 00 48 8b f3 48 8d 44 24 08
0x000000010f29d89b:   4c 89 6d c0 49 8b ff c5 f8 77 49 89 af 30 03 00
0x000000010f29d8ab:   00 49 89 87 20 03 00 00 f7 c4 0f 00 00 00 0f 84
0x000000010f29d8bb:   12 00 00 00 48 83 ec 08 e8 7e 64 8f fa 48 83 c4
0x000000010f29d8cb:   08 e9 05 00 00 00 e8 70 64 8f fa 49 ba 00 00 00
0x000000010f29d8db:   00 00 00 00 00 4d 89 97 20 03 00 00 49 ba 00 00
0x000000010f29d8eb:   00 00 00 00 00 00 4d 89 97 30 03 00 00 49 ba 00
0x000000010f29d8fb:   00 00 00 00 00 00 00 4d 89 97 28 03 00 00 c5 f8
0x000000010f29d90b:   77 49 81 7f 08 00 00 00 00 0f 84 05 00 00 00 e9
0x000000010f29d91b:   61 3e fe ff 4c 8b 6d c0 4c 8b 75 c8 c3 41 0f b7
0x000000010f29d92b:   55 01 48 8b 4d d0 c1 e2 02 48 8b 5c d1 38 8b 44
0x000000010f29d93b:   d1 40 48 8b 4c d1 30 48 8b 49 70 48 8b 09 c1 e8
0x000000010f29d94b:   1c 83 e0 0f 0f 85 0a 00 00 00 0f be 04 19 50 e9
0x000000010f29d95b:   b4 00 00 00 83 f8 01 0f 85 0a 00 00 00 0f b6 04 


Stack slot to memory mapping:
stack at sp + 0 slots: 0x00007000068260f0 is pointing into the stack for thread: 0x00007fedf2f46800
stack at sp + 1 slots: 0x0000000129e82de0 is pointing into metadata
stack at sp + 2 slots: 0x0000700006826160 is pointing into the stack for thread: 0x00007fedf2f46800
stack at sp + 3 slots: 0x0000000129e83400 is pointing into metadata
stack at sp + 4 slots: 0x0 is NULL
stack at sp + 5 slots: 0x000000078560d6e0 is an oop: java.lang.Class 
{0x000000078560d6e0} - klass: 'java/lang/Class'
stack at sp + 6 slots: {method} {0x0000000129e82e48} 'setSpecial' '(Ljava/lang/String;Ljava/lang/Object;)Z' in 'org/apache/catalina/core/ApplicationHttpRequest'
stack at sp + 7 slots: 0x0 is NULL

getstatic  178 getstatic  [0x000000010f29d820, 0x000000010f29da40]  544 bytes

---------------  P R O C E S S  ---------------

Threads class SMR info:
_java_thread_list=0x00007fedf4939e70, length=31, elements={
0x00007fedf2068800, 0x00007fedf2083800, 0x00007fedf3846800, 0x00007fedf3843800,
0x00007fedf3836800, 0x00007fedf3837800, 0x00007fedf3887800, 0x00007fedf31d3000,
0x00007fedf31d4000, 0x00007fedf32d1000, 0x00007fedf2c23000, 0x00007fedf2a27000,
0x00007fedf3410800, 0x00007fedf2c0e800, 0x00007fedf2c2c000, 0x00007fedf342e000,
0x00007fedf2fca800, 0x00007fedf2b5c800, 0x00007fedf2d92000, 0x00007fedf2c34800,
0x00007fedf2f41000, 0x00007fedf2f46800, 0x00007fedf2d35800, 0x00007fedf2dfd800,
0x00007fedf2fdc800, 0x00007fedf2a2c000, 0x00007fedf2c2f000, 0x00007fedf2c4a000,
0x00007fedf2f27000, 0x00007fedf2f28000, 0x00007fedf2d61800
}

Java Threads: ( => current thread )
  0x00007fedf2068800 JavaThread "Reference Handler" daemon [_thread_blocked, id=12803, stack(0x00007000044be000,0x00007000045be000)]
  0x00007fedf2083800 JavaThread "Finalizer" daemon [_thread_blocked, id=18435, stack(0x00007000045c1000,0x00007000046c1000)]
  0x00007fedf3846800 JavaThread "Signal Dispatcher" daemon [_thread_blocked, id=16643, stack(0x00007000047ca000,0x00007000048ca000)]
  0x00007fedf3843800 JavaThread "C1 CompilerThread0" daemon [_thread_blocked, id=15875, stack(0x00007000048cd000,0x00007000049cd000)]
  0x00007fedf3836800 JavaThread "Sweeper thread" daemon [_thread_blocked, id=15363, stack(0x00007000049d0000,0x0000700004ad0000)]
  0x00007fedf3837800 JavaThread "Common-Cleaner" daemon [_thread_blocked, id=43267, stack(0x0000700004ad3000,0x0000700004bd3000)]
  0x00007fedf3887800 JavaThread "Service Thread" daemon [_thread_blocked, id=22531, stack(0x0000700004cd9000,0x0000700004dd9000)]
  0x00007fedf31d3000 JavaThread "RMI TCP Accept-0" daemon [_thread_in_native, id=42243, stack(0x0000700004ddc000,0x0000700004edc000)]
  0x00007fedf31d4000 JavaThread "Attach Listener" daemon [_thread_blocked, id=23299, stack(0x0000700004fe2000,0x00007000050e2000)]
  0x00007fedf32d1000 JavaThread "RMI Scheduler(0)" daemon [_thread_blocked, id=38147, stack(0x00007000057fa000,0x00007000058fa000)]
  0x00007fedf2c23000 JavaThread "mysql-cj-abandoned-connection-cleanup" daemon [_thread_blocked, id=37383, stack(0x0000700005b03000,0x0000700005c03000)]
  0x00007fedf2a27000 JavaThread "HikariPool-1 housekeeper" daemon [_thread_blocked, id=27655, stack(0x0000700005c06000,0x0000700005d06000)]
  0x00007fedf3410800 JavaThread "Catalina-utility-1" [_thread_blocked, id=36875, stack(0x0000700005e0c000,0x0000700005f0c000)]
  0x00007fedf2c0e800 JavaThread "Catalina-utility-2" [_thread_blocked, id=36099, stack(0x0000700005f0f000,0x000070000600f000)]
  0x00007fedf2c2c000 JavaThread "container-0" [_thread_blocked, id=35331, stack(0x0000700006012000,0x0000700006112000)]
  0x00007fedf342e000 JavaThread "Live Reload Server" daemon [_thread_in_native, id=29191, stack(0x0000700006115000,0x0000700006215000)]
  0x00007fedf2fca800 JavaThread "File Watcher" daemon [_thread_blocked, id=34831, stack(0x0000700006218000,0x0000700006318000)]
  0x00007fedf2b5c800 JavaThread "http-nio-8080-BlockPoller" daemon [_thread_in_native, id=34307, stack(0x000070000631b000,0x000070000641b000)]
  0x00007fedf2d92000 JavaThread "http-nio-8080-exec-1" daemon [_thread_blocked, id=29955, stack(0x000070000641e000,0x000070000651e000)]
  0x00007fedf2c34800 JavaThread "http-nio-8080-exec-2" daemon [_thread_blocked, id=33539, stack(0x0000700006521000,0x0000700006621000)]
  0x00007fedf2f41000 JavaThread "http-nio-8080-exec-3" daemon [_thread_blocked, id=33283, stack(0x0000700006624000,0x0000700006724000)]
=>0x00007fedf2f46800 JavaThread "http-nio-8080-exec-4" daemon [_thread_in_Java, id=31491, stack(0x0000700006727000,0x0000700006827000)]
  0x00007fedf2d35800 JavaThread "http-nio-8080-exec-5" daemon [_thread_blocked, id=32259, stack(0x000070000682a000,0x000070000692a000)]
  0x00007fedf2dfd800 JavaThread "http-nio-8080-exec-6" daemon [_thread_blocked, id=43523, stack(0x000070000692d000,0x0000700006a2d000)]
  0x00007fedf2fdc800 JavaThread "http-nio-8080-exec-7" daemon [_thread_blocked, id=86787, stack(0x0000700006a30000,0x0000700006b30000)]
  0x00007fedf2a2c000 JavaThread "http-nio-8080-exec-8" daemon [_thread_blocked, id=86531, stack(0x0000700006b33000,0x0000700006c33000)]
  0x00007fedf2c2f000 JavaThread "http-nio-8080-exec-9" daemon [_thread_blocked, id=85763, stack(0x0000700006c36000,0x0000700006d36000)]
  0x00007fedf2c4a000 JavaThread "http-nio-8080-exec-10" daemon [_thread_blocked, id=44803, stack(0x0000700006d39000,0x0000700006e39000)]
  0x00007fedf2f27000 JavaThread "http-nio-8080-ClientPoller" daemon [_thread_in_native, id=45315, stack(0x0000700006e3c000,0x0000700006f3c000)]
  0x00007fedf2f28000 JavaThread "http-nio-8080-Acceptor" daemon [_thread_in_native, id=45827, stack(0x0000700006f3f000,0x000070000703f000)]
  0x00007fedf2d61800 JavaThread "DestroyJavaVM" [_thread_blocked, id=5635, stack(0x0000700003da9000,0x0000700003ea9000)]

Other Threads:
  0x00007fedf2800800 VMThread "VM Thread" [stack: 0x00007000043bb000,0x00007000044bb000] [id=12291]
  0x00007fedf306d800 WatcherThread [stack: 0x0000700004edf000,0x0000700004fdf000] [id=41731]
  0x00007fedf3019000 GCTaskThread "GC Thread#0" [stack: 0x0000700003eac000,0x0000700003fac000] [id=21251]
  0x00007fedf3070000 GCTaskThread "GC Thread#1" [stack: 0x00007000050e5000,0x00007000051e5000] [id=40963]
  0x00007fedf38be800 GCTaskThread "GC Thread#2" [stack: 0x00007000051e8000,0x00007000052e8000] [id=24067]
  0x00007fedf32a8000 GCTaskThread "GC Thread#3" [stack: 0x00007000058fd000,0x00007000059fd000] [id=37639]
  0x00007fedf2020800 ConcurrentGCThread "G1 Main Marker" [stack: 0x0000700003faf000,0x00007000040af000] [id=11523]
  0x00007fedf300d000 ConcurrentGCThread "G1 Conc#0" [stack: 0x00007000040b2000,0x00007000041b2000] [id=19971]
  0x00007fedf302b800 ConcurrentGCThread "G1 Refine#0" [stack: 0x00007000041b5000,0x00007000042b5000] [id=19459]
  0x00007fedf21e1000 ConcurrentGCThread "G1 Refine#1" [stack: 0x00007000052eb000,0x00007000053eb000] [id=24323]
  0x00007fedf302c000 ConcurrentGCThread "G1 Young RemSet Sampling" [stack: 0x00007000042b8000,0x00007000043b8000] [id=19203]

Threads with active compile tasks:

VM state:not at safepoint (normal execution)

VM Mutex/Monitor currently owned by a thread: None

Heap address: 0x0000000780000000, size: 2048 MB, Compressed Oops mode: Zero based, Oop shift amount: 3
Narrow klass base: 0x0000000800000000, Narrow klass shift: 0
Compressed class space size: 1073741824 Address: 0x0000000800000000

Heap:
 garbage-first heap   total 190464K, used 99102K [0x0000000780000000, 0x0000000800000000)
  region size 1024K, 73 young (74752K), 6 survivors (6144K)
 Metaspace       used 60863K, capacity 62910K, committed 63056K, reserved 1103872K
  class space    used 7797K, capacity 8609K, committed 8652K, reserved 1048576K
Heap Regions: E=young(eden), S=young(survivor), O=old, HS=humongous(starts), HC=humongous(continues), CS=collection set, F=free, A=archive, TAMS=top-at-mark-start (previous, next)
|   0|0x0000000780000000, 0x0000000780100000, 0x0000000780100000|100%| O|  |TAMS 0x0000000780100000, 0x0000000780000000| Untracked 
|   1|0x0000000780100000, 0x0000000780200000, 0x0000000780200000|100%| O|  |TAMS 0x0000000780200000, 0x0000000780100000| Untracked 
|   2|0x0000000780200000, 0x0000000780300000, 0x0000000780300000|100%| O|  |TAMS 0x0000000780300000, 0x0000000780200000| Untracked 
|   3|0x0000000780300000, 0x0000000780400000, 0x0000000780400000|100%| O|  |TAMS 0x0000000780400000, 0x0000000780300000| Untracked 
|   4|0x0000000780400000, 0x0000000780500000, 0x0000000780500000|100%| O|  |TAMS 0x0000000780500000, 0x0000000780400000| Untracked 
|   5|0x0000000780500000, 0x0000000780600000, 0x0000000780600000|100%| O|  |TAMS 0x0000000780600000, 0x0000000780500000| Untracked 
|   6|0x0000000780600000, 0x0000000780700000, 0x0000000780700000|100%| O|  |TAMS 0x0000000780700000, 0x0000000780600000| Untracked 
|   7|0x0000000780700000, 0x0000000780800000, 0x0000000780800000|100%| O|  |TAMS 0x0000000780800000, 0x0000000780700000| Untracked 
|   8|0x0000000780800000, 0x0000000780900000, 0x0000000780900000|100%| O|  |TAMS 0x0000000780900000, 0x0000000780800000| Untracked 
|   9|0x0000000780900000, 0x0000000780a00000, 0x0000000780a00000|100%| O|  |TAMS 0x0000000780a00000, 0x0000000780900000| Untracked 
|  10|0x0000000780a00000, 0x0000000780b00000, 0x0000000780b00000|100%| O|  |TAMS 0x0000000780b00000, 0x0000000780a00000| Untracked 
|  11|0x0000000780b00000, 0x0000000780c00000, 0x0000000780c00000|100%| O|  |TAMS 0x0000000780c00000, 0x0000000780b00000| Untracked 
|  12|0x0000000780c00000, 0x0000000780d00000, 0x0000000780d00000|100%| O|  |TAMS 0x0000000780d00000, 0x0000000780c00000| Untracked 
|  13|0x0000000780d00000, 0x0000000780e00000, 0x0000000780e00000|100%| O|  |TAMS 0x0000000780e00000, 0x0000000780d00000| Untracked 
|  14|0x0000000780e00000, 0x0000000780f00000, 0x0000000780f00000|100%| O|  |TAMS 0x0000000780f00000, 0x0000000780e00000| Untracked 
|  15|0x0000000780f00000, 0x0000000781000000, 0x0000000781000000|100%| O|  |TAMS 0x0000000781000000, 0x0000000780f00000| Untracked 
|  16|0x0000000781000000, 0x0000000781100000, 0x0000000781100000|100%| O|  |TAMS 0x0000000781100000, 0x0000000781000000| Untracked 
|  17|0x0000000781100000, 0x0000000781200000, 0x0000000781200000|100%| O|  |TAMS 0x0000000781200000, 0x0000000781100000| Untracked 
|  18|0x0000000781200000, 0x0000000781300000, 0x0000000781300000|100%| O|  |TAMS 0x0000000781300000, 0x0000000781200000| Untracked 
|  19|0x0000000781300000, 0x0000000781400000, 0x0000000781400000|100%| O|  |TAMS 0x0000000781400000, 0x0000000781300000| Untracked 
|  20|0x0000000781400000, 0x0000000781500000, 0x0000000781500000|100%| O|  |TAMS 0x0000000781500000, 0x0000000781400000| Untracked 
|  21|0x0000000781500000, 0x0000000781600000, 0x0000000781600000|100%| O|  |TAMS 0x0000000781600000, 0x0000000781500000| Untracked 
|  22|0x0000000781600000, 0x0000000781700000, 0x0000000781700000|100%| O|  |TAMS 0x0000000781700000, 0x0000000781600000| Untracked 
|  23|0x0000000781700000, 0x0000000781800000, 0x0000000781800000|100%| O|  |TAMS 0x0000000781800000, 0x0000000781700000| Untracked 
|  24|0x0000000781800000, 0x0000000781900000, 0x0000000781900000|100%| O|  |TAMS 0x0000000781900000, 0x0000000781800000| Untracked 
|  25|0x0000000781900000, 0x000000078195be00, 0x0000000781a00000| 35%| O|  |TAMS 0x000000078195be00, 0x0000000781900000| Untracked 
|  26|0x0000000781a00000, 0x0000000781a00000, 0x0000000781b00000|  0%| F|  |TAMS 0x0000000781a00000, 0x0000000781a00000| Untracked 
|  27|0x0000000781b00000, 0x0000000781b00000, 0x0000000781c00000|  0%| F|  |TAMS 0x0000000781b00000, 0x0000000781b00000| Untracked 
|  28|0x0000000781c00000, 0x0000000781c00000, 0x0000000781d00000|  0%| F|  |TAMS 0x0000000781c00000, 0x0000000781c00000| Untracked 
|  29|0x0000000781d00000, 0x0000000781d00000, 0x0000000781e00000|  0%| F|  |TAMS 0x0000000781d00000, 0x0000000781d00000| Untracked 
|  30|0x0000000781e00000, 0x0000000781e00000, 0x0000000781f00000|  0%| F|  |TAMS 0x0000000781e00000, 0x0000000781e00000| Untracked 
|  31|0x0000000781f00000, 0x0000000781f00000, 0x0000000782000000|  0%| F|  |TAMS 0x0000000781f00000, 0x0000000781f00000| Untracked 
|  32|0x0000000782000000, 0x0000000782000000, 0x0000000782100000|  0%| F|  |TAMS 0x0000000782000000, 0x0000000782000000| Untracked 
|  33|0x0000000782100000, 0x0000000782100000, 0x0000000782200000|  0%| F|  |TAMS 0x0000000782100000, 0x0000000782100000| Untracked 
|  34|0x0000000782200000, 0x0000000782200000, 0x0000000782300000|  0%| F|  |TAMS 0x0000000782200000, 0x0000000782200000| Untracked 
|  35|0x0000000782300000, 0x0000000782300000, 0x0000000782400000|  0%| F|  |TAMS 0x0000000782300000, 0x0000000782300000| Untracked 
|  36|0x0000000782400000, 0x0000000782400000, 0x0000000782500000|  0%| F|  |TAMS 0x0000000782400000, 0x0000000782400000| Untracked 
|  37|0x0000000782500000, 0x0000000782500000, 0x0000000782600000|  0%| F|  |TAMS 0x0000000782500000, 0x0000000782500000| Untracked 
|  38|0x0000000782600000, 0x0000000782600000, 0x0000000782700000|  0%| F|  |TAMS 0x0000000782600000, 0x0000000782600000| Untracked 
|  39|0x0000000782700000, 0x0000000782700000, 0x0000000782800000|  0%| F|  |TAMS 0x0000000782700000, 0x0000000782700000| Untracked 
|  40|0x0000000782800000, 0x0000000782800000, 0x0000000782900000|  0%| F|  |TAMS 0x0000000782800000, 0x0000000782800000| Untracked 
|  41|0x0000000782900000, 0x0000000782900000, 0x0000000782a00000|  0%| F|  |TAMS 0x0000000782900000, 0x0000000782900000| Untracked 
|  42|0x0000000782a00000, 0x0000000782a00000, 0x0000000782b00000|  0%| F|  |TAMS 0x0000000782a00000, 0x0000000782a00000| Untracked 
|  43|0x0000000782b00000, 0x0000000782b00000, 0x0000000782c00000|  0%| F|  |TAMS 0x0000000782b00000, 0x0000000782b00000| Untracked 
|  44|0x0000000782c00000, 0x0000000782c00000, 0x0000000782d00000|  0%| F|  |TAMS 0x0000000782c00000, 0x0000000782c00000| Untracked 
|  45|0x0000000782d00000, 0x0000000782d00000, 0x0000000782e00000|  0%| F|  |TAMS 0x0000000782d00000, 0x0000000782d00000| Untracked 
|  46|0x0000000782e00000, 0x0000000782e00000, 0x0000000782f00000|  0%| F|  |TAMS 0x0000000782e00000, 0x0000000782e00000| Untracked 
|  47|0x0000000782f00000, 0x0000000782f00000, 0x0000000783000000|  0%| F|  |TAMS 0x0000000782f00000, 0x0000000782f00000| Untracked 
|  48|0x0000000783000000, 0x0000000783000000, 0x0000000783100000|  0%| F|  |TAMS 0x0000000783000000, 0x0000000783000000| Untracked 
|  49|0x0000000783100000, 0x0000000783100000, 0x0000000783200000|  0%| F|  |TAMS 0x0000000783100000, 0x0000000783100000| Untracked 
|  50|0x0000000783200000, 0x0000000783200000, 0x0000000783300000|  0%| F|  |TAMS 0x0000000783200000, 0x0000000783200000| Untracked 
|  51|0x0000000783300000, 0x0000000783300000, 0x0000000783400000|  0%| F|  |TAMS 0x0000000783300000, 0x0000000783300000| Untracked 
|  52|0x0000000783400000, 0x0000000783400000, 0x0000000783500000|  0%| F|  |TAMS 0x0000000783400000, 0x0000000783400000| Untracked 
|  53|0x0000000783500000, 0x0000000783500000, 0x0000000783600000|  0%| F|  |TAMS 0x0000000783500000, 0x0000000783500000| Untracked 
|  54|0x0000000783600000, 0x0000000783600000, 0x0000000783700000|  0%| F|  |TAMS 0x0000000783600000, 0x0000000783600000| Untracked 
|  55|0x0000000783700000, 0x0000000783700000, 0x0000000783800000|  0%| F|  |TAMS 0x0000000783700000, 0x0000000783700000| Untracked 
|  56|0x0000000783800000, 0x0000000783800000, 0x0000000783900000|  0%| F|  |TAMS 0x0000000783800000, 0x0000000783800000| Untracked 
|  57|0x0000000783900000, 0x0000000783900000, 0x0000000783a00000|  0%| F|  |TAMS 0x0000000783900000, 0x0000000783900000| Untracked 
|  58|0x0000000783a00000, 0x0000000783a00000, 0x0000000783b00000|  0%| F|  |TAMS 0x0000000783a00000, 0x0000000783a00000| Untracked 
|  59|0x0000000783b00000, 0x0000000783b00000, 0x0000000783c00000|  0%| F|  |TAMS 0x0000000783b00000, 0x0000000783b00000| Untracked 
|  60|0x0000000783c00000, 0x0000000783c00000, 0x0000000783d00000|  0%| F|  |TAMS 0x0000000783c00000, 0x0000000783c00000| Untracked 
|  61|0x0000000783d00000, 0x0000000783d00000, 0x0000000783e00000|  0%| F|  |TAMS 0x0000000783d00000, 0x0000000783d00000| Untracked 
|  62|0x0000000783e00000, 0x0000000783e00000, 0x0000000783f00000|  0%| F|  |TAMS 0x0000000783e00000, 0x0000000783e00000| Untracked 
|  63|0x0000000783f00000, 0x0000000783f00000, 0x0000000784000000|  0%| F|  |TAMS 0x0000000783f00000, 0x0000000783f00000| Untracked 
|  64|0x0000000784000000, 0x0000000784000000, 0x0000000784100000|  0%| F|  |TAMS 0x0000000784000000, 0x0000000784000000| Untracked 
|  65|0x0000000784100000, 0x0000000784100000, 0x0000000784200000|  0%| F|  |TAMS 0x0000000784100000, 0x0000000784100000| Untracked 
|  66|0x0000000784200000, 0x0000000784200000, 0x0000000784300000|  0%| F|  |TAMS 0x0000000784200000, 0x0000000784200000| Untracked 
|  67|0x0000000784300000, 0x0000000784300000, 0x0000000784400000|  0%| F|  |TAMS 0x0000000784300000, 0x0000000784300000| Untracked 
|  68|0x0000000784400000, 0x0000000784400000, 0x0000000784500000|  0%| F|  |TAMS 0x0000000784400000, 0x0000000784400000| Untracked 
|  69|0x0000000784500000, 0x0000000784500000, 0x0000000784600000|  0%| F|  |TAMS 0x0000000784500000, 0x0000000784500000| Untracked 
|  70|0x0000000784600000, 0x0000000784600000, 0x0000000784700000|  0%| F|  |TAMS 0x0000000784600000, 0x0000000784600000| Untracked 
|  71|0x0000000784700000, 0x0000000784700000, 0x0000000784800000|  0%| F|  |TAMS 0x0000000784700000, 0x0000000784700000| Untracked 
|  72|0x0000000784800000, 0x0000000784800000, 0x0000000784900000|  0%| F|  |TAMS 0x0000000784800000, 0x0000000784800000| Untracked 
|  73|0x0000000784900000, 0x0000000784900000, 0x0000000784a00000|  0%| F|  |TAMS 0x0000000784900000, 0x0000000784900000| Untracked 
|  74|0x0000000784a00000, 0x0000000784a00000, 0x0000000784b00000|  0%| F|  |TAMS 0x0000000784a00000, 0x0000000784a00000| Untracked 
|  75|0x0000000784b00000, 0x0000000784b00000, 0x0000000784c00000|  0%| F|  |TAMS 0x0000000784b00000, 0x0000000784b00000| Untracked 
|  76|0x0000000784c00000, 0x0000000784c00000, 0x0000000784d00000|  0%| F|  |TAMS 0x0000000784c00000, 0x0000000784c00000| Untracked 
|  77|0x0000000784d00000, 0x0000000784d00000, 0x0000000784e00000|  0%| F|  |TAMS 0x0000000784d00000, 0x0000000784d00000| Untracked 
|  78|0x0000000784e00000, 0x0000000784e00000, 0x0000000784f00000|  0%| F|  |TAMS 0x0000000784e00000, 0x0000000784e00000| Untracked 
|  79|0x0000000784f00000, 0x0000000784f00000, 0x0000000785000000|  0%| F|  |TAMS 0x0000000784f00000, 0x0000000784f00000| Untracked 
|  80|0x0000000785000000, 0x0000000785000000, 0x0000000785100000|  0%| F|  |TAMS 0x0000000785000000, 0x0000000785000000| Untracked 
|  81|0x0000000785100000, 0x000000078516bd90, 0x0000000785200000| 42%| S|CS|TAMS 0x0000000785100000, 0x0000000785100000| Complete 
|  82|0x0000000785200000, 0x0000000785300000, 0x0000000785300000|100%| S|CS|TAMS 0x0000000785200000, 0x0000000785200000| Complete 
|  83|0x0000000785300000, 0x0000000785400000, 0x0000000785400000|100%| S|CS|TAMS 0x0000000785300000, 0x0000000785300000| Complete 
|  84|0x0000000785400000, 0x0000000785500000, 0x0000000785500000|100%| S|CS|TAMS 0x0000000785400000, 0x0000000785400000| Complete 
|  85|0x0000000785500000, 0x0000000785600000, 0x0000000785600000|100%| S|CS|TAMS 0x0000000785500000, 0x0000000785500000| Complete 
|  86|0x0000000785600000, 0x0000000785700000, 0x0000000785700000|100%| S|CS|TAMS 0x0000000785600000, 0x0000000785600000| Complete 
|  87|0x0000000785700000, 0x0000000785700000, 0x0000000785800000|  0%| F|  |TAMS 0x0000000785700000, 0x0000000785700000| Untracked 
|  88|0x0000000785800000, 0x0000000785800000, 0x0000000785900000|  0%| F|  |TAMS 0x0000000785800000, 0x0000000785800000| Untracked 
|  89|0x0000000785900000, 0x0000000785900000, 0x0000000785a00000|  0%| F|  |TAMS 0x0000000785900000, 0x0000000785900000| Untracked 
|  90|0x0000000785a00000, 0x0000000785a00000, 0x0000000785b00000|  0%| F|  |TAMS 0x0000000785a00000, 0x0000000785a00000| Untracked 
|  91|0x0000000785b00000, 0x0000000785b00000, 0x0000000785c00000|  0%| F|  |TAMS 0x0000000785b00000, 0x0000000785b00000| Untracked 
|  92|0x0000000785c00000, 0x0000000785c00000, 0x0000000785d00000|  0%| F|  |TAMS 0x0000000785c00000, 0x0000000785c00000| Untracked 
|  93|0x0000000785d00000, 0x0000000785d00000, 0x0000000785e00000|  0%| F|  |TAMS 0x0000000785d00000, 0x0000000785d00000| Untracked 
|  94|0x0000000785e00000, 0x0000000785e00000, 0x0000000785f00000|  0%| F|  |TAMS 0x0000000785e00000, 0x0000000785e00000| Untracked 
|  95|0x0000000785f00000, 0x0000000785f00000, 0x0000000786000000|  0%| F|  |TAMS 0x0000000785f00000, 0x0000000785f00000| Untracked 
|  96|0x0000000786000000, 0x0000000786000000, 0x0000000786100000|  0%| F|  |TAMS 0x0000000786000000, 0x0000000786000000| Untracked 
|  97|0x0000000786100000, 0x0000000786100000, 0x0000000786200000|  0%| F|  |TAMS 0x0000000786100000, 0x0000000786100000| Untracked 
|  98|0x0000000786200000, 0x0000000786200000, 0x0000000786300000|  0%| F|  |TAMS 0x0000000786200000, 0x0000000786200000| Untracked 
|  99|0x0000000786300000, 0x0000000786300000, 0x0000000786400000|  0%| F|  |TAMS 0x0000000786300000, 0x0000000786300000| Untracked 
| 100|0x0000000786400000, 0x0000000786400000, 0x0000000786500000|  0%| F|  |TAMS 0x0000000786400000, 0x0000000786400000| Untracked 
| 101|0x0000000786500000, 0x0000000786500000, 0x0000000786600000|  0%| F|  |TAMS 0x0000000786500000, 0x0000000786500000| Untracked 
| 102|0x0000000786600000, 0x0000000786600000, 0x0000000786700000|  0%| F|  |TAMS 0x0000000786600000, 0x0000000786600000| Untracked 
| 103|0x0000000786700000, 0x0000000786700000, 0x0000000786800000|  0%| F|  |TAMS 0x0000000786700000, 0x0000000786700000| Untracked 
| 104|0x0000000786800000, 0x0000000786800000, 0x0000000786900000|  0%| F|  |TAMS 0x0000000786800000, 0x0000000786800000| Untracked 
| 105|0x0000000786900000, 0x0000000786900000, 0x0000000786a00000|  0%| F|  |TAMS 0x0000000786900000, 0x0000000786900000| Untracked 
| 106|0x0000000786a00000, 0x0000000786a00000, 0x0000000786b00000|  0%| F|  |TAMS 0x0000000786a00000, 0x0000000786a00000| Untracked 
| 107|0x0000000786b00000, 0x0000000786b00000, 0x0000000786c00000|  0%| F|  |TAMS 0x0000000786b00000, 0x0000000786b00000| Untracked 
| 108|0x0000000786c00000, 0x0000000786c00000, 0x0000000786d00000|  0%| F|  |TAMS 0x0000000786c00000, 0x0000000786c00000| Untracked 
| 109|0x0000000786d00000, 0x0000000786d00000, 0x0000000786e00000|  0%| F|  |TAMS 0x0000000786d00000, 0x0000000786d00000| Untracked 
| 110|0x0000000786e00000, 0x0000000786e00000, 0x0000000786f00000|  0%| F|  |TAMS 0x0000000786e00000, 0x0000000786e00000| Untracked 
| 111|0x0000000786f00000, 0x0000000786f00000, 0x0000000787000000|  0%| F|  |TAMS 0x0000000786f00000, 0x0000000786f00000| Untracked 
| 112|0x0000000787000000, 0x0000000787000000, 0x0000000787100000|  0%| F|  |TAMS 0x0000000787000000, 0x0000000787000000| Untracked 
| 113|0x0000000787100000, 0x0000000787100000, 0x0000000787200000|  0%| F|  |TAMS 0x0000000787100000, 0x0000000787100000| Untracked 
| 114|0x0000000787200000, 0x0000000787200000, 0x0000000787300000|  0%| F|  |TAMS 0x0000000787200000, 0x0000000787200000| Untracked 
| 115|0x0000000787300000, 0x0000000787300000, 0x0000000787400000|  0%| F|  |TAMS 0x0000000787300000, 0x0000000787300000| Untracked 
| 116|0x0000000787400000, 0x0000000787400000, 0x0000000787500000|  0%| F|  |TAMS 0x0000000787400000, 0x0000000787400000| Untracked 
| 117|0x0000000787500000, 0x0000000787500000, 0x0000000787600000|  0%| F|  |TAMS 0x0000000787500000, 0x0000000787500000| Untracked 
| 118|0x0000000787600000, 0x0000000787600000, 0x0000000787700000|  0%| F|  |TAMS 0x0000000787600000, 0x0000000787600000| Untracked 
| 119|0x0000000787700000, 0x00000007877af480, 0x0000000787800000| 68%| E|  |TAMS 0x0000000787700000, 0x0000000787700000| Complete 
| 120|0x0000000787800000, 0x0000000787900000, 0x0000000787900000|100%| E|CS|TAMS 0x0000000787800000, 0x0000000787800000| Complete 
| 121|0x0000000787900000, 0x0000000787a00000, 0x0000000787a00000|100%| E|CS|TAMS 0x0000000787900000, 0x0000000787900000| Complete 
| 122|0x0000000787a00000, 0x0000000787b00000, 0x0000000787b00000|100%| E|CS|TAMS 0x0000000787a00000, 0x0000000787a00000| Complete 
| 123|0x0000000787b00000, 0x0000000787c00000, 0x0000000787c00000|100%| E|CS|TAMS 0x0000000787b00000, 0x0000000787b00000| Complete 
| 124|0x0000000787c00000, 0x0000000787d00000, 0x0000000787d00000|100%| E|CS|TAMS 0x0000000787c00000, 0x0000000787c00000| Complete 
| 125|0x0000000787d00000, 0x0000000787e00000, 0x0000000787e00000|100%| E|CS|TAMS 0x0000000787d00000, 0x0000000787d00000| Complete 
| 126|0x0000000787e00000, 0x0000000787f00000, 0x0000000787f00000|100%| E|CS|TAMS 0x0000000787e00000, 0x0000000787e00000| Complete 
| 127|0x0000000787f00000, 0x0000000788000000, 0x0000000788000000|100%| E|CS|TAMS 0x0000000787f00000, 0x0000000787f00000| Complete 
| 128|0x0000000788000000, 0x0000000788100000, 0x0000000788100000|100%| E|CS|TAMS 0x0000000788000000, 0x0000000788000000| Complete 
| 129|0x0000000788100000, 0x0000000788200000, 0x0000000788200000|100%| E|CS|TAMS 0x0000000788100000, 0x0000000788100000| Complete 
| 130|0x0000000788200000, 0x0000000788300000, 0x0000000788300000|100%| E|CS|TAMS 0x0000000788200000, 0x0000000788200000| Complete 
| 131|0x0000000788300000, 0x0000000788400000, 0x0000000788400000|100%| E|CS|TAMS 0x0000000788300000, 0x0000000788300000| Complete 
| 132|0x0000000788400000, 0x0000000788500000, 0x0000000788500000|100%| E|CS|TAMS 0x0000000788400000, 0x0000000788400000| Complete 
| 133|0x0000000788500000, 0x0000000788600000, 0x0000000788600000|100%| E|CS|TAMS 0x0000000788500000, 0x0000000788500000| Complete 
| 134|0x0000000788600000, 0x0000000788700000, 0x0000000788700000|100%| E|CS|TAMS 0x0000000788600000, 0x0000000788600000| Complete 
| 135|0x0000000788700000, 0x0000000788800000, 0x0000000788800000|100%| E|CS|TAMS 0x0000000788700000, 0x0000000788700000| Complete 
| 136|0x0000000788800000, 0x0000000788900000, 0x0000000788900000|100%| E|CS|TAMS 0x0000000788800000, 0x0000000788800000| Complete 
| 137|0x0000000788900000, 0x0000000788a00000, 0x0000000788a00000|100%| E|CS|TAMS 0x0000000788900000, 0x0000000788900000| Complete 
| 138|0x0000000788a00000, 0x0000000788b00000, 0x0000000788b00000|100%| E|CS|TAMS 0x0000000788a00000, 0x0000000788a00000| Complete 
| 139|0x0000000788b00000, 0x0000000788c00000, 0x0000000788c00000|100%| E|CS|TAMS 0x0000000788b00000, 0x0000000788b00000| Complete 
| 140|0x0000000788c00000, 0x0000000788d00000, 0x0000000788d00000|100%| E|CS|TAMS 0x0000000788c00000, 0x0000000788c00000| Complete 
| 141|0x0000000788d00000, 0x0000000788e00000, 0x0000000788e00000|100%| E|CS|TAMS 0x0000000788d00000, 0x0000000788d00000| Complete 
| 142|0x0000000788e00000, 0x0000000788f00000, 0x0000000788f00000|100%| E|CS|TAMS 0x0000000788e00000, 0x0000000788e00000| Complete 
| 143|0x0000000788f00000, 0x0000000789000000, 0x0000000789000000|100%| E|CS|TAMS 0x0000000788f00000, 0x0000000788f00000| Complete 
| 144|0x0000000789000000, 0x0000000789100000, 0x0000000789100000|100%| E|CS|TAMS 0x0000000789000000, 0x0000000789000000| Complete 
| 145|0x0000000789100000, 0x0000000789200000, 0x0000000789200000|100%| E|CS|TAMS 0x0000000789100000, 0x0000000789100000| Complete 
| 146|0x0000000789200000, 0x0000000789300000, 0x0000000789300000|100%| E|CS|TAMS 0x0000000789200000, 0x0000000789200000| Complete 
| 147|0x0000000789300000, 0x0000000789400000, 0x0000000789400000|100%| E|CS|TAMS 0x0000000789300000, 0x0000000789300000| Complete 
| 148|0x0000000789400000, 0x0000000789500000, 0x0000000789500000|100%| E|CS|TAMS 0x0000000789400000, 0x0000000789400000| Complete 
| 149|0x0000000789500000, 0x0000000789600000, 0x0000000789600000|100%| E|CS|TAMS 0x0000000789500000, 0x0000000789500000| Complete 
| 150|0x0000000789600000, 0x0000000789700000, 0x0000000789700000|100%| E|CS|TAMS 0x0000000789600000, 0x0000000789600000| Complete 
| 151|0x0000000789700000, 0x0000000789800000, 0x0000000789800000|100%| E|CS|TAMS 0x0000000789700000, 0x0000000789700000| Complete 
| 152|0x0000000789800000, 0x0000000789900000, 0x0000000789900000|100%| E|CS|TAMS 0x0000000789800000, 0x0000000789800000| Complete 
| 153|0x0000000789900000, 0x0000000789a00000, 0x0000000789a00000|100%| E|CS|TAMS 0x0000000789900000, 0x0000000789900000| Complete 
| 154|0x0000000789a00000, 0x0000000789b00000, 0x0000000789b00000|100%| E|CS|TAMS 0x0000000789a00000, 0x0000000789a00000| Complete 
| 155|0x0000000789b00000, 0x0000000789c00000, 0x0000000789c00000|100%| E|CS|TAMS 0x0000000789b00000, 0x0000000789b00000| Complete 
| 156|0x0000000789c00000, 0x0000000789d00000, 0x0000000789d00000|100%| E|CS|TAMS 0x0000000789c00000, 0x0000000789c00000| Complete 
| 157|0x0000000789d00000, 0x0000000789e00000, 0x0000000789e00000|100%| E|CS|TAMS 0x0000000789d00000, 0x0000000789d00000| Complete 
| 158|0x0000000789e00000, 0x0000000789f00000, 0x0000000789f00000|100%| E|CS|TAMS 0x0000000789e00000, 0x0000000789e00000| Complete 
| 159|0x0000000789f00000, 0x000000078a000000, 0x000000078a000000|100%| E|CS|TAMS 0x0000000789f00000, 0x0000000789f00000| Complete 
| 160|0x000000078a000000, 0x000000078a100000, 0x000000078a100000|100%| E|CS|TAMS 0x000000078a000000, 0x000000078a000000| Complete 
| 161|0x000000078a100000, 0x000000078a200000, 0x000000078a200000|100%| E|CS|TAMS 0x000000078a100000, 0x000000078a100000| Complete 
| 162|0x000000078a200000, 0x000000078a300000, 0x000000078a300000|100%| E|CS|TAMS 0x000000078a200000, 0x000000078a200000| Complete 
| 163|0x000000078a300000, 0x000000078a400000, 0x000000078a400000|100%| E|CS|TAMS 0x000000078a300000, 0x000000078a300000| Complete 
| 164|0x000000078a400000, 0x000000078a500000, 0x000000078a500000|100%| E|CS|TAMS 0x000000078a400000, 0x000000078a400000| Complete 
| 165|0x000000078a500000, 0x000000078a600000, 0x000000078a600000|100%| E|CS|TAMS 0x000000078a500000, 0x000000078a500000| Complete 
| 166|0x000000078a600000, 0x000000078a700000, 0x000000078a700000|100%| E|CS|TAMS 0x000000078a600000, 0x000000078a600000| Complete 
| 167|0x000000078a700000, 0x000000078a800000, 0x000000078a800000|100%| E|CS|TAMS 0x000000078a700000, 0x000000078a700000| Complete 
| 168|0x000000078a800000, 0x000000078a900000, 0x000000078a900000|100%| E|CS|TAMS 0x000000078a800000, 0x000000078a800000| Complete 
| 169|0x000000078a900000, 0x000000078aa00000, 0x000000078aa00000|100%| E|CS|TAMS 0x000000078a900000, 0x000000078a900000| Complete 
| 170|0x000000078aa00000, 0x000000078ab00000, 0x000000078ab00000|100%| E|CS|TAMS 0x000000078aa00000, 0x000000078aa00000| Complete 
| 171|0x000000078ab00000, 0x000000078ac00000, 0x000000078ac00000|100%| E|CS|TAMS 0x000000078ab00000, 0x000000078ab00000| Complete 
| 172|0x000000078ac00000, 0x000000078ad00000, 0x000000078ad00000|100%| E|CS|TAMS 0x000000078ac00000, 0x000000078ac00000| Complete 
| 173|0x000000078ad00000, 0x000000078ae00000, 0x000000078ae00000|100%| E|CS|TAMS 0x000000078ad00000, 0x000000078ad00000| Complete 
| 174|0x000000078ae00000, 0x000000078af00000, 0x000000078af00000|100%| E|CS|TAMS 0x000000078ae00000, 0x000000078ae00000| Complete 
| 175|0x000000078af00000, 0x000000078b000000, 0x000000078b000000|100%| E|CS|TAMS 0x000000078af00000, 0x000000078af00000| Complete 
| 176|0x000000078b000000, 0x000000078b100000, 0x000000078b100000|100%| E|CS|TAMS 0x000000078b000000, 0x000000078b000000| Complete 
| 177|0x000000078b100000, 0x000000078b200000, 0x000000078b200000|100%| E|CS|TAMS 0x000000078b100000, 0x000000078b100000| Complete 
| 178|0x000000078b200000, 0x000000078b300000, 0x000000078b300000|100%| E|CS|TAMS 0x000000078b200000, 0x000000078b200000| Complete 
| 179|0x000000078b300000, 0x000000078b400000, 0x000000078b400000|100%| E|CS|TAMS 0x000000078b300000, 0x000000078b300000| Complete 
| 180|0x000000078b400000, 0x000000078b500000, 0x000000078b500000|100%| E|CS|TAMS 0x000000078b400000, 0x000000078b400000| Complete 
| 181|0x000000078b500000, 0x000000078b600000, 0x000000078b600000|100%| E|CS|TAMS 0x000000078b500000, 0x000000078b500000| Complete 
| 182|0x000000078b600000, 0x000000078b700000, 0x000000078b700000|100%| E|CS|TAMS 0x000000078b600000, 0x000000078b600000| Complete 
| 183|0x000000078b700000, 0x000000078b800000, 0x000000078b800000|100%| E|CS|TAMS 0x000000078b700000, 0x000000078b700000| Complete 
| 184|0x000000078b800000, 0x000000078b900000, 0x000000078b900000|100%| E|CS|TAMS 0x000000078b800000, 0x000000078b800000| Complete 
| 185|0x000000078b900000, 0x000000078ba00000, 0x000000078ba00000|100%| E|CS|TAMS 0x000000078b900000, 0x000000078b900000| Complete 

Card table byte_map: [0x000000011e281000,0x000000011e681000] _byte_map_base: 0x000000011a681000

Marking Bits (Prev, Next): (CMBitMap*) 0x00007fedf2000050, (CMBitMap*) 0x00007fedf2000018
 Prev Bits: [0x0000000120a81000, 0x0000000122a81000)
 Next Bits: [0x000000011ea81000, 0x0000000120a81000)

Polling page: 0x0000000108f7c000

Metaspace:

Usage:
  Non-class:     53.03 MB capacity,    51.82 MB ( 98%) used,  1002.70 KB (  2%) free+waste,   232.75 KB ( <1%) overhead. 
      Class:      8.41 MB capacity,     7.62 MB ( 91%) used,   697.12 KB (  8%) free+waste,   113.94 KB (  1%) overhead. 
       Both:     61.44 MB capacity,    59.44 MB ( 97%) used,     1.66 MB (  3%) free+waste,   346.69 KB ( <1%) overhead. 

Virtual space:
  Non-class space:       54.00 MB reserved,      53.13 MB ( 98%) committed 
      Class space:        1.00 GB reserved,       8.45 MB ( <1%) committed 
             Both:        1.05 GB reserved,      61.58 MB (  6%) committed 

Chunk freelists:
   Non-Class:  91.00 KB
       Class:  0 bytes
        Both:  91.00 KB

CodeHeap 'non-profiled nmethods': size=238948Kb used=12129Kb max_used=12129Kb free=226819Kb
 bounds [0x000000010f928000, 0x0000000110508000, 0x000000011e281000]
CodeHeap 'non-nmethods': size=6812Kb used=1259Kb max_used=1259Kb free=5552Kb
 bounds [0x000000010f281000, 0x000000010f4f1000, 0x000000010f928000]
 total_blobs=7869 nmethods=7121 adapters=564
 compilation: enabled
              stopped_count=0, restarted_count=0
 full_count=0

Compilation events (10 events):
Event: 3431.964 Thread 0x00007fedf3843800 7208       1       org.springframework.expression.spel.ExpressionState::getEvaluationContext (5 bytes)
Event: 3431.964 Thread 0x00007fedf3843800 nmethod 7208 0x0000000110500390 code [0x0000000110500540, 0x0000000110500650]
Event: 3431.964 Thread 0x00007fedf3843800 7214       1       sun.nio.ch.SocketChannelImpl::translateInterestOps (41 bytes)
Event: 3431.964 Thread 0x00007fedf3843800 nmethod 7214 0x0000000110500710 code [0x00000001105008c0, 0x0000000110500a10]
Event: 3431.964 Thread 0x00007fedf3843800 7213       1       org.apache.coyote.AbstractProcessor::getAdapter (5 bytes)
Event: 3431.964 Thread 0x00007fedf3843800 nmethod 7213 0x0000000110500a90 code [0x0000000110500c40, 0x0000000110500d50]
Event: 3431.975 Thread 0x00007fedf3843800 7215       1       org.apache.tomcat.util.net.NioEndpoint$NioSocketWrapper::interestOps (7 bytes)
Event: 3431.975 Thread 0x00007fedf3843800 nmethod 7215 0x0000000110500e10 code [0x0000000110500fc0, 0x00000001105010d0]
Event: 3431.975 Thread 0x00007fedf3843800 7216       1       org.apache.coyote.AsyncStateMachine::isAsync (8 bytes)
Event: 3431.976 Thread 0x00007fedf3843800 nmethod 7216 0x0000000110501190 code [0x0000000110501340, 0x0000000110501470]

GC Heap History (10 events):
Event: 5.105 GC heap before
{Heap before GC invocations=7 (full 0):
 garbage-first heap   total 157696K, used 42029K [0x0000000780000000, 0x0000000800000000)
  region size 1024K, 37 young (37888K), 8 survivors (8192K)
 Metaspace       used 34849K, capacity 35918K, committed 36048K, reserved 1081344K
  class space    used 4415K, capacity 4840K, committed 4940K, reserved 1048576K
}
Event: 5.119 GC heap after
{Heap after GC invocations=8 (full 0):
 garbage-first heap   total 157696K, used 15168K [0x0000000780000000, 0x0000000800000000)
  region size 1024K, 8 young (8192K), 8 survivors (8192K)
 Metaspace       used 34849K, capacity 35918K, committed 36048K, reserved 1081344K
  class space    used 4415K, capacity 4840K, committed 4940K, reserved 1048576K
}
Event: 6.714 GC heap before
{Heap before GC invocations=9 (full 0):
 garbage-first heap   total 157696K, used 100160K [0x0000000780000000, 0x0000000800000000)
  region size 1024K, 92 young (94208K), 8 survivors (8192K)
 Metaspace       used 44543K, capacity 46000K, committed 46288K, reserved 1089536K
  class space    used 5579K, capacity 6157K, committed 6220K, reserved 1048576K
}
Event: 6.733 GC heap after
{Heap after GC invocations=10 (full 0):
 garbage-first heap   total 157696K, used 20473K [0x0000000780000000, 0x0000000800000000)
  region size 1024K, 10 young (10240K), 10 survivors (10240K)
 Metaspace       used 44543K, capacity 46000K, committed 46288K, reserved 1089536K
  class space    used 5579K, capacity 6157K, committed 6220K, reserved 1048576K
}
Event: 9.484 GC heap before
{Heap before GC invocations=10 (full 0):
 garbage-first heap   total 157696K, used 103417K [0x0000000780000000, 0x0000000800000000)
  region size 1024K, 92 young (94208K), 10 survivors (10240K)
 Metaspace       used 52938K, capacity 54774K, committed 54992K, reserved 1097728K
  class space    used 6764K, capacity 7470K, committed 7500K, reserved 1048576K
}
Event: 9.510 GC heap after
{Heap after GC invocations=11 (full 0):
 garbage-first heap   total 157696K, used 26805K [0x0000000780000000, 0x0000000800000000)
  region size 1024K, 12 young (12288K), 12 survivors (12288K)
 Metaspace       used 52938K, capacity 54774K, committed 54992K, reserved 1097728K
  class space    used 6764K, capacity 7470K, committed 7500K, reserved 1048576K
}
Event: 29.478 GC heap before
{Heap before GC invocations=11 (full 0):
 garbage-first heap   total 157696K, used 73909K [0x0000000780000000, 0x0000000800000000)
  region size 1024K, 59 young (60416K), 12 survivors (12288K)
 Metaspace       used 58264K, capacity 60281K, committed 60496K, reserved 1101824K
  class space    used 7471K, capacity 8275K, committed 8396K, reserved 1048576K
}
Event: 29.523 GC heap after
{Heap after GC invocations=12 (full 0):
 garbage-first heap   total 190464K, used 28527K [0x0000000780000000, 0x0000000800000000)
  region size 1024K, 3 young (3072K), 3 survivors (3072K)
 Metaspace       used 58264K, capacity 60281K, committed 60496K, reserved 1101824K
  class space    used 7471K, capacity 8275K, committed 8396K, reserved 1048576K
}
Event: 1778.489 GC heap before
{Heap before GC invocations=13 (full 0):
 garbage-first heap   total 190464K, used 126831K [0x0000000780000000, 0x0000000800000000)
  region size 1024K, 99 young (101376K), 3 survivors (3072K)
 Metaspace       used 60787K, capacity 62862K, committed 63056K, reserved 1103872K
  class space    used 7789K, capacity 8601K, committed 8652K, reserved 1048576K
}
Event: 1778.538 GC heap after
{Heap after GC invocations=14 (full 0):
 garbage-first heap   total 190464K, used 31518K [0x0000000780000000, 0x0000000800000000)
  region size 1024K, 6 young (6144K), 6 survivors (6144K)
 Metaspace       used 60787K, capacity 62862K, committed 63056K, reserved 1103872K
  class space    used 7789K, capacity 8601K, committed 8652K, reserved 1048576K
}

Deoptimization events (10 events):
Event: 4.248 Thread 0x00007fedf3983800 DEOPT PACKING pc=0x000000010fca5c94 sp=0x00007000055eee20
Event: 4.248 Thread 0x00007fedf3983800 DEOPT UNPACKING pc=0x000000010f2a97ba sp=0x00007000055ee3a8 mode 0
Event: 5.270 Thread 0x00007fedf3983800 DEOPT PACKING pc=0x000000010feffee4 sp=0x00007000055edc00
Event: 5.270 Thread 0x00007fedf3983800 DEOPT UNPACKING pc=0x000000010f2a97ba sp=0x00007000055ed128 mode 0
Event: 6.443 Thread 0x00007fedf3983800 DEOPT PACKING pc=0x000000010fc02309 sp=0x00007000055ea070
Event: 6.443 Thread 0x00007fedf3983800 DEOPT UNPACKING pc=0x000000010f2a97ba sp=0x00007000055e9598 mode 3
Event: 6.478 Thread 0x00007fedf3983800 DEOPT PACKING pc=0x000000010ff079cf sp=0x00007000055e9520
Event: 6.478 Thread 0x00007fedf3983800 DEOPT UNPACKING pc=0x000000010f2a97ba sp=0x00007000055e8ad8 mode 3
Event: 10.534 Thread 0x00007fedf2f21800 DEOPT PACKING pc=0x000000010fa9b50c sp=0x00007000054e9100
Event: 10.534 Thread 0x00007fedf2f21800 DEOPT UNPACKING pc=0x000000010f2a97ba sp=0x00007000054e8638 mode 0

Classes redefined (0 events):
No events

Internal exceptions (10 events):
Event: 9.518 Thread 0x00007fedf3983800 Exception <a 'java/lang/ClassNotFoundException'{0x00000007899fe658}: org/springframework/security/config/annotation/web/configuration/WebSecurityConfigurationCustomizer> (0x00000007899fe658) thrown at [/opt/buildAgent/work/5ff2f6c26000d570/src/hotspot/sha
Event: 9.519 Thread 0x00007fedf3983800 Exception <a 'java/lang/ClassNotFoundException'{0x0000000789817fc8}: org/springframework/context/annotation/ImportAwareCustomizer> (0x0000000789817fc8) thrown at [/opt/buildAgent/work/5ff2f6c26000d570/src/hotspot/share/classfile/systemDictionary.cpp, line
Event: 9.519 Thread 0x00007fedf3983800 Exception <a 'java/lang/ClassNotFoundException'{0x0000000789826138}: org/springframework/beans/factory/AwareCustomizer> (0x0000000789826138) thrown at [/opt/buildAgent/work/5ff2f6c26000d570/src/hotspot/share/classfile/systemDictionary.cpp, line 231]
Event: 9.520 Thread 0x00007fedf3983800 Exception <a 'java/lang/ClassNotFoundException'{0x0000000789834e38}: org/springframework/beans/factory/BeanClassLoaderAwareCustomizer> (0x0000000789834e38) thrown at [/opt/buildAgent/work/5ff2f6c26000d570/src/hotspot/share/classfile/systemDictionary.cpp, 
Event: 9.520 Thread 0x00007fedf3983800 Exception <a 'java/lang/ClassNotFoundException'{0x0000000789842fb8}: org/springframework/beans/factory/AwareCustomizer> (0x0000000789842fb8) thrown at [/opt/buildAgent/work/5ff2f6c26000d570/src/hotspot/share/classfile/systemDictionary.cpp, line 231]
Event: 9.807 Thread 0x00007fedf3983800 Exception <a 'java/lang/IncompatibleClassChangeError'{0x0000000788c699e8}: Found class java.lang.Object, but interface was expected> (0x0000000788c699e8) thrown at [/opt/buildAgent/work/5ff2f6c26000d570/src/hotspot/share/interpreter/linkResolver.cpp, line
Event: 10.476 Thread 0x00007fedf2f22000 Exception <a 'java/net/SocketTimeoutException'{0x0000000787de6088}: Read timed out> (0x0000000787de6088) thrown at [/opt/buildAgent/work/5ff2f6c26000d570/src/hotspot/share/prims/jni.cpp, line 636]
Event: 29.322 Thread 0x00007fedf2d92000 Exception <a 'java/lang/NoSuchMethodError'{0x0000000786e3d338}: 'void java.lang.invoke.DirectMethodHandle$Holder.invokeStaticInit(java.lang.Object, java.lang.Object, java.lang.Object)'> (0x0000000786e3d338) thrown at [/opt/buildAgent/work/5ff2f6c26000d570
Event: 1170.946 Thread 0x00007fedf2d35800 Exception <a 'java/lang/ArrayIndexOutOfBoundsException'{0x00000007898c5838}: Index -1 out of bounds for length 128> (0x00000007898c5838) thrown at [/opt/buildAgent/work/5ff2f6c26000d570/src/hotspot/share/interpreter/interpreterRuntime.cpp, line 459]
Event: 3431.976 Thread 0x00007fedf2f46800 Exception <a 'java/lang/ArrayIndexOutOfBoundsException'{0x00000007877742a0}: Index -1 out of bounds for length 128> (0x00000007877742a0) thrown at [/opt/buildAgent/work/5ff2f6c26000d570/src/hotspot/share/interpreter/interpreterRuntime.cpp, line 459]

Events (10 events):
Event: 3431.961 Executing VM operation: RevokeBias
Event: 3431.961 Executing VM operation: RevokeBias done
Event: 3431.981 loading class org/apache/catalina/webresources/WarResourceSet
Event: 3431.981 loading class org/apache/catalina/webresources/WarResourceSet done
Event: 3431.984 loading class org/apache/catalina/webresources/AbstractSingleArchiveResourceSet
Event: 3431.984 loading class org/apache/catalina/webresources/AbstractSingleArchiveResourceSet done
Event: 3431.988 loading class org/apache/catalina/webresources/AbstractArchiveResourceSet
Event: 3431.988 loading class org/apache/catalina/webresources/AbstractArchiveResourceSet done
Event: 3431.993 Executing VM operation: RevokeBias
Event: 3431.993 Executing VM operation: RevokeBias done


Dynamic libraries:
0x00007fff3aab4000 	/System/Library/Frameworks/Cocoa.framework/Versions/A/Cocoa
0x00007fff48082000 	/System/Library/Frameworks/Security.framework/Versions/A/Security
0x00007fff39a3e000 	/System/Library/Frameworks/ApplicationServices.framework/Versions/A/ApplicationServices
0x00007fff724af000 	/usr/lib/libz.1.dylib
0x00007fff6ff7e000 	/usr/lib/libSystem.B.dylib
0x00007fff3ba2b000 	/System/Library/Frameworks/CoreFoundation.framework/Versions/A/CoreFoundation
0x00007fff3e0f0000 	/System/Library/Frameworks/Foundation.framework/Versions/C/Foundation
0x00007fff71dd3000 	/usr/lib/libobjc.A.dylib
0x00007fff38c33000 	/System/Library/Frameworks/AppKit.framework/Versions/C/AppKit
0x00007fff3b537000 	/System/Library/Frameworks/CoreData.framework/Versions/A/CoreData
0x00007fff6c826000 	/System/Library/PrivateFrameworks/UIFoundation.framework/Versions/A/UIFoundation
0x00007fff67002000 	/System/Library/PrivateFrameworks/RemoteViewServices.framework/Versions/A/RemoteViewServices
0x00007fff6f2b9000 	/System/Library/PrivateFrameworks/XCTTargetBootstrap.framework/Versions/A/XCTTargetBootstrap
0x00007fff3b91a000 	/System/Library/Frameworks/CoreDisplay.framework/Versions/A/CoreDisplay
0x00007fff40e68000 	/System/Library/Frameworks/Metal.framework/Versions/A/Metal
0x00007fff55408000 	/System/Library/PrivateFrameworks/DesktopServicesPriv.framework/Versions/A/DesktopServicesPriv
0x00007fff710b4000 	/usr/lib/liblangid.dylib
0x00007fff54554000 	/System/Library/PrivateFrameworks/CoreSVG.framework/Versions/A/CoreSVG
0x00007fff69dc9000 	/System/Library/PrivateFrameworks/SkyLight.framework/Versions/A/SkyLight
0x00007fff3bead000 	/System/Library/Frameworks/CoreGraphics.framework/Versions/A/CoreGraphics
0x00007fff377d2000 	/System/Library/Frameworks/Accelerate.framework/Versions/A/Accelerate
0x00007fff723a0000 	/usr/lib/libxml2.2.dylib
0x00007fff6012c000 	/System/Library/PrivateFrameworks/IconServices.framework/Versions/A/IconServices
0x00007fff3e8d5000 	/System/Library/Frameworks/IOSurface.framework/Versions/A/IOSurface
0x00007fff6fab6000 	/usr/lib/libDiagnosticMessagesClient.dylib
0x00007fff55281000 	/System/Library/PrivateFrameworks/DFRFoundation.framework/Versions/A/DFRFoundation
0x00007fff70e42000 	/usr/lib/libicucore.A.dylib
0x00007fff39d70000 	/System/Library/Frameworks/AudioToolbox.framework/Versions/A/AudioToolbox
0x00007fff39e52000 	/System/Library/Frameworks/AudioUnit.framework/Versions/A/AudioUnit
0x00007fff7017f000 	/usr/lib/libauto.dylib
0x00007fff55302000 	/System/Library/PrivateFrameworks/DataDetectorsCore.framework/Versions/A/DataDetectorsCore
0x00007fff3a5d4000 	/System/Library/Frameworks/Carbon.framework/Versions/A/Frameworks/HIToolbox.framework/Versions/A/HIToolbox
0x00007fff472b3000 	/System/Library/Frameworks/QuartzCore.framework/Versions/A/QuartzCore
0x00007fff3a913000 	/System/Library/Frameworks/Carbon.framework/Versions/A/Frameworks/SpeechRecognition.framework/Versions/A/SpeechRecognition
0x00007fff54c07000 	/System/Library/PrivateFrameworks/CoreUI.framework/Versions/A/CoreUI
0x00007fff3af9d000 	/System/Library/Frameworks/CoreAudio.framework/Versions/A/CoreAudio
0x00007fff3ddb8000 	/System/Library/Frameworks/DiskArbitration.framework/Versions/A/DiskArbitration
0x00007fff62141000 	/System/Library/PrivateFrameworks/MultitouchSupport.framework/Versions/A/MultitouchSupport
0x00007fff70d08000 	/usr/lib/libenergytrace.dylib
0x00007fff3e830000 	/System/Library/Frameworks/IOKit.framework/Versions/A/IOKit
0x00007fff3ce1b000 	/System/Library/Frameworks/CoreServices.framework/Versions/A/CoreServices
0x00007fff6424e000 	/System/Library/PrivateFrameworks/PerformanceAnalysis.framework/Versions/A/PerformanceAnalysis
0x00007fff462e9000 	/System/Library/Frameworks/OpenGL.framework/Versions/A/OpenGL
0x00007fff3aac2000 	/System/Library/Frameworks/ColorSync.framework/Versions/A/ColorSync
0x00007fff3c534000 	/System/Library/Frameworks/CoreImage.framework/Versions/A/CoreImage
0x00007fff3d891000 	/System/Library/Frameworks/CoreText.framework/Versions/A/CoreText
0x00007fff3e95b000 	/System/Library/Frameworks/ImageIO.framework/Versions/A/ImageIO
0x00007fff70264000 	/usr/lib/libc++.1.dylib
0x00007fff702e0000 	/usr/lib/libcompression.dylib
0x00007fff6fdf8000 	/usr/lib/libMobileGestalt.dylib
0x00007fff6b908000 	/System/Library/PrivateFrameworks/TextureIO.framework/Versions/A/TextureIO
0x00007fff700e5000 	/usr/lib/libate.dylib
0x00007fff60335000 	/System/Library/PrivateFrameworks/InternationalSupport.framework/Versions/A/InternationalSupport
0x00007fff72f25000 	/usr/lib/system/libcache.dylib
0x00007fff72f2b000 	/usr/lib/system/libcommonCrypto.dylib
0x00007fff72f37000 	/usr/lib/system/libcompiler_rt.dylib
0x00007fff72f3f000 	/usr/lib/system/libcopyfile.dylib
0x00007fff72f49000 	/usr/lib/system/libcorecrypto.dylib
0x00007fff730f7000 	/usr/lib/system/libdispatch.dylib
0x00007fff73139000 	/usr/lib/system/libdyld.dylib
0x00007fff7316f000 	/usr/lib/system/libkeymgr.dylib
0x00007fff7317d000 	/usr/lib/system/liblaunch.dylib
0x00007fff7317e000 	/usr/lib/system/libmacho.dylib
0x00007fff73184000 	/usr/lib/system/libquarantine.dylib
0x00007fff73187000 	/usr/lib/system/libremovefile.dylib
0x00007fff73189000 	/usr/lib/system/libsystem_asl.dylib
0x00007fff731a1000 	/usr/lib/system/libsystem_blocks.dylib
0x00007fff731a2000 	/usr/lib/system/libsystem_c.dylib
0x00007fff7322a000 	/usr/lib/system/libsystem_configuration.dylib
0x00007fff7322e000 	/usr/lib/system/libsystem_coreservices.dylib
0x00007fff73232000 	/usr/lib/system/libsystem_darwin.dylib
0x00007fff7323b000 	/usr/lib/system/libsystem_dnssd.dylib
0x00007fff73243000 	/usr/lib/system/libsystem_featureflags.dylib
0x00007fff73245000 	/usr/lib/system/libsystem_info.dylib
0x00007fff732c0000 	/usr/lib/system/libsystem_m.dylib
0x00007fff73308000 	/usr/lib/system/libsystem_malloc.dylib
0x00007fff73330000 	/usr/lib/system/libsystem_networkextension.dylib
0x00007fff7333e000 	/usr/lib/system/libsystem_notify.dylib
0x00007fff7335d000 	/usr/lib/system/libsystem_sandbox.dylib
0x00007fff73362000 	/usr/lib/system/libsystem_secinit.dylib
0x00007fff73293000 	/usr/lib/system/libsystem_kernel.dylib
0x00007fff73348000 	/usr/lib/system/libsystem_platform.dylib
0x00007fff73352000 	/usr/lib/system/libsystem_pthread.dylib
0x00007fff73365000 	/usr/lib/system/libsystem_symptoms.dylib
0x00007fff7336d000 	/usr/lib/system/libsystem_trace.dylib
0x00007fff73385000 	/usr/lib/system/libunwind.dylib
0x00007fff7338b000 	/usr/lib/system/libxpc.dylib
0x00007fff702b8000 	/usr/lib/libc++abi.dylib
0x00007fff710b6000 	/usr/lib/liblzma.5.dylib
0x00007fff70d30000 	/usr/lib/libfakelink.dylib
0x00007fff70072000 	/usr/lib/libarchive.2.dylib
0x00007fff49224000 	/System/Library/Frameworks/SystemConfiguration.framework/Versions/A/SystemConfiguration
0x00007fff6f9e7000 	/usr/lib/libCRFSuite.dylib
0x00007fff3a1c8000 	/System/Library/Frameworks/CFNetwork.framework/Versions/A/CFNetwork
0x00007fff70246000 	/usr/lib/libbsm.0.dylib
0x00007fff73170000 	/usr/lib/system/libkxld.dylib
0x00007fff4ed38000 	/System/Library/PrivateFrameworks/AppleFSCompression.framework/Versions/A/AppleFSCompression
0x00007fff705c7000 	/usr/lib/libcoretls.dylib
0x00007fff705de000 	/usr/lib/libcoretls_cfhelpers.dylib
0x00007fff71e17000 	/usr/lib/libpam.2.dylib
0x00007fff71f4a000 	/usr/lib/libsqlite3.dylib
0x00007fff7238d000 	/usr/lib/libxar.1.dylib
0x00007fff70257000 	/usr/lib/libbz2.1.0.dylib
0x00007fff70d51000 	/usr/lib/libiconv.2.dylib
0x00007fff702cd000 	/usr/lib/libcharset.1.dylib
0x00007fff718be000 	/usr/lib/libnetwork.dylib
0x00007fff71e1e000 	/usr/lib/libpcap.A.dylib
0x00007fff70027000 	/usr/lib/libapple_nghttp2.dylib
0x00007fff3d1d2000 	/System/Library/Frameworks/CoreServices.framework/Versions/A/Frameworks/FSEvents.framework/Versions/A/FSEvents
0x00007fff3cea2000 	/System/Library/Frameworks/CoreServices.framework/Versions/A/Frameworks/CarbonCore.framework/Versions/A/CarbonCore
0x00007fff3d415000 	/System/Library/Frameworks/CoreServices.framework/Versions/A/Frameworks/Metadata.framework/Versions/A/Metadata
0x00007fff3d4ae000 	/System/Library/Frameworks/CoreServices.framework/Versions/A/Frameworks/OSServices.framework/Versions/A/OSServices
0x00007fff3d4dc000 	/System/Library/Frameworks/CoreServices.framework/Versions/A/Frameworks/SearchKit.framework/Versions/A/SearchKit
0x00007fff3ce1c000 	/System/Library/Frameworks/CoreServices.framework/Versions/A/Frameworks/AE.framework/Versions/A/AE
0x00007fff3d1db000 	/System/Library/Frameworks/CoreServices.framework/Versions/A/Frameworks/LaunchServices.framework/Versions/A/LaunchServices
0x00007fff3d184000 	/System/Library/Frameworks/CoreServices.framework/Versions/A/Frameworks/DictionaryServices.framework/Versions/A/DictionaryServices
0x00007fff3d544000 	/System/Library/Frameworks/CoreServices.framework/Versions/A/Frameworks/SharedFileList.framework/Versions/A/SharedFileList
0x00007fff4213d000 	/System/Library/Frameworks/NetFS.framework/Versions/A/NetFS
0x00007fff62671000 	/System/Library/PrivateFrameworks/NetAuth.framework/Versions/A/NetAuth
0x00007fff6f684000 	/System/Library/PrivateFrameworks/login.framework/Versions/A/Frameworks/loginsupport.framework/Versions/A/loginsupport
0x00007fff6b403000 	/System/Library/PrivateFrameworks/TCC.framework/Versions/A/TCC
0x00007fff53923000 	/System/Library/PrivateFrameworks/CoreNLP.framework/Versions/A/CoreNLP
0x00007fff61b71000 	/System/Library/PrivateFrameworks/MetadataUtilities.framework/Versions/A/MetadataUtilities
0x00007fff7118e000 	/usr/lib/libmecabra.dylib
0x00007fff710e6000 	/usr/lib/libmecab.dylib
0x00007fff70d41000 	/usr/lib/libgermantok.dylib
0x00007fff7000e000 	/usr/lib/libThaiTokenizer.dylib
0x00007fff6fa1f000 	/usr/lib/libChineseTokenizer.dylib
0x00007fff377ea000 	/System/Library/Frameworks/Accelerate.framework/Versions/A/Frameworks/vImage.framework/Versions/A/vImage
0x00007fff38a8d000 	/System/Library/Frameworks/Accelerate.framework/Versions/A/Frameworks/vecLib.framework/Versions/A/vecLib
0x00007fff389d1000 	/System/Library/Frameworks/Accelerate.framework/Versions/A/Frameworks/vecLib.framework/Versions/A/libvMisc.dylib
0x00007fff387f7000 	/System/Library/Frameworks/Accelerate.framework/Versions/A/Frameworks/vecLib.framework/Versions/A/libvDSP.dylib
0x00007fff37e56000 	/System/Library/Frameworks/Accelerate.framework/Versions/A/Frameworks/vecLib.framework/Versions/A/libBLAS.dylib
0x00007fff383b1000 	/System/Library/Frameworks/Accelerate.framework/Versions/A/Frameworks/vecLib.framework/Versions/A/libLAPACK.dylib
0x00007fff38757000 	/System/Library/Frameworks/Accelerate.framework/Versions/A/Frameworks/vecLib.framework/Versions/A/libLinearAlgebra.dylib
0x00007fff387e4000 	/System/Library/Frameworks/Accelerate.framework/Versions/A/Frameworks/vecLib.framework/Versions/A/libSparseBLAS.dylib
0x00007fff3876d000 	/System/Library/Frameworks/Accelerate.framework/Versions/A/Frameworks/vecLib.framework/Versions/A/libQuadrature.dylib
0x00007fff380c0000 	/System/Library/Frameworks/Accelerate.framework/Versions/A/Frameworks/vecLib.framework/Versions/A/libBNNS.dylib
0x00007fff38773000 	/System/Library/Frameworks/Accelerate.framework/Versions/A/Frameworks/vecLib.framework/Versions/A/libSparse.dylib
0x00007fff606f4000 	/System/Library/PrivateFrameworks/LanguageModeling.framework/Versions/A/LanguageModeling
0x00007fff532bf000 	/System/Library/PrivateFrameworks/CoreEmoji.framework/Versions/A/CoreEmoji
0x00007fff60812000 	/System/Library/PrivateFrameworks/LinguisticData.framework/Versions/A/LinguisticData
0x00007fff607c3000 	/System/Library/PrivateFrameworks/Lexicon.framework/Versions/A/Lexicon
0x00007fff702ce000 	/usr/lib/libcmph.dylib
0x00007fff44d0f000 	/System/Library/Frameworks/OpenDirectory.framework/Versions/A/Frameworks/CFOpenDirectory.framework/Versions/A/CFOpenDirectory
0x00007fff44d2c000 	/System/Library/Frameworks/OpenDirectory.framework/Versions/A/OpenDirectory
0x00007fff4cff9000 	/System/Library/PrivateFrameworks/APFS.framework/Versions/A/APFS
0x00007fff483d5000 	/System/Library/Frameworks/SecurityFoundation.framework/Versions/A/SecurityFoundation
0x00007fff72389000 	/usr/lib/libutil.dylib
0x00007fff545ac000 	/System/Library/PrivateFrameworks/CoreServicesStore.framework/Versions/A/CoreServicesStore
0x00007fff4848d000 	/System/Library/Frameworks/ServiceManagement.framework/Versions/A/ServiceManagement
0x00007fff504ef000 	/System/Library/PrivateFrameworks/BackgroundTaskManagement.framework/Versions/A/BackgroundTaskManagement
0x00007fff72486000 	/usr/lib/libxslt.1.dylib
0x00007fff4f39d000 	/System/Library/PrivateFrameworks/AppleSystemInfo.framework/Versions/A/AppleSystemInfo
0x00007fff3eb78000 	/System/Library/Frameworks/ImageIO.framework/Versions/A/Resources/libJPEG.dylib
0x00007fff3ee37000 	/System/Library/Frameworks/ImageIO.framework/Versions/A/Resources/libTIFF.dylib
0x00007fff3ee1a000 	/System/Library/Frameworks/ImageIO.framework/Versions/A/Resources/libPng.dylib
0x00007fff3eab9000 	/System/Library/Frameworks/ImageIO.framework/Versions/A/Resources/libGIF.dylib
0x00007fff3eabd000 	/System/Library/Frameworks/ImageIO.framework/Versions/A/Resources/libJP2.dylib
0x00007fff3ee35000 	/System/Library/Frameworks/ImageIO.framework/Versions/A/Resources/libRadiance.dylib
0x00007fff70d09000 	/usr/lib/libexpat.1.dylib
0x00007fff4ee93000 	/System/Library/PrivateFrameworks/AppleJPEG.framework/Versions/A/AppleJPEG
0x00007fff57826000 	/System/Library/PrivateFrameworks/FontServices.framework/libFontParser.dylib
0x00007fff6e6db000 	/System/Library/PrivateFrameworks/WatchdogClient.framework/Versions/A/WatchdogClient
0x00007fff5fd81000 	/System/Library/PrivateFrameworks/IOAccelerator.framework/Versions/A/IOAccelerator
0x00007fff411f6000 	/System/Library/Frameworks/MetalPerformanceShaders.framework/Versions/A/MetalPerformanceShaders
0x00007fff5c574000 	/System/Library/PrivateFrameworks/GPUWrangler.framework/Versions/A/GPUWrangler
0x00007fff5fd8c000 	/System/Library/PrivateFrameworks/IOPresentment.framework/Versions/A/IOPresentment
0x00007fff55294000 	/System/Library/PrivateFrameworks/DSExternalDisplay.framework/Versions/A/DSExternalDisplay
0x00007fff45695000 	/System/Library/Frameworks/OpenGL.framework/Versions/A/Libraries/libCoreFSCache.dylib
0x00007fff40f48000 	/System/Library/Frameworks/MetalPerformanceShaders.framework/Frameworks/MPSCore.framework/Versions/A/MPSCore
0x00007fff40f85000 	/System/Library/Frameworks/MetalPerformanceShaders.framework/Frameworks/MPSImage.framework/Versions/A/MPSImage
0x00007fff41047000 	/System/Library/Frameworks/MetalPerformanceShaders.framework/Frameworks/MPSNeuralNetwork.framework/Versions/A/MPSNeuralNetwork
0x00007fff4100c000 	/System/Library/Frameworks/MetalPerformanceShaders.framework/Frameworks/MPSMatrix.framework/Versions/A/MPSMatrix
0x00007fff411a7000 	/System/Library/Frameworks/MetalPerformanceShaders.framework/Frameworks/MPSRayIntersector.framework/Versions/A/MPSRayIntersector
0x00007fff41031000 	/System/Library/Frameworks/MetalPerformanceShaders.framework/Frameworks/MPSNDArray.framework/Versions/A/MPSNDArray
0x00007fff61bbe000 	/System/Library/PrivateFrameworks/MetalTools.framework/Versions/A/MetalTools
0x00007fff4e1be000 	/System/Library/PrivateFrameworks/AggregateDictionary.framework/Versions/A/AggregateDictionary
0x00007fff52d49000 	/System/Library/PrivateFrameworks/CoreAnalytics.framework/Versions/A/CoreAnalytics
0x00007fff4f2bb000 	/System/Library/PrivateFrameworks/AppleSauce.framework/Versions/A/AppleSauce
0x00007fff6fcdb000 	/usr/lib/libIOReport.dylib
0x00007fff3da46000 	/System/Library/Frameworks/CoreVideo.framework/Versions/A/CoreVideo
0x00007fff5d9e2000 	/System/Library/PrivateFrameworks/GraphVisualizer.framework/Versions/A/GraphVisualizer
0x00007fff56da7000 	/System/Library/PrivateFrameworks/FaceCore.framework/Versions/A/FaceCore
0x00007fff44cb6000 	/System/Library/Frameworks/OpenCL.framework/Versions/A/OpenCL
0x00007fff6fafd000 	/usr/lib/libFosl_dynamic.dylib
0x00007fff6306c000 	/System/Library/PrivateFrameworks/OTSVG.framework/Versions/A/OTSVG
0x00007fff39b43000 	/System/Library/Frameworks/ApplicationServices.framework/Versions/A/Frameworks/ATS.framework/Versions/A/Resources/libFontRegistry.dylib
0x00007fff579f7000 	/System/Library/PrivateFrameworks/FontServices.framework/libhvf.dylib
0x00007fff456a0000 	/System/Library/Frameworks/OpenGL.framework/Versions/A/Libraries/libGFXShared.dylib
0x00007fff4587d000 	/System/Library/Frameworks/OpenGL.framework/Versions/A/Libraries/libGLU.dylib
0x00007fff456a9000 	/System/Library/Frameworks/OpenGL.framework/Versions/A/Libraries/libGL.dylib
0x00007fff456b4000 	/System/Library/Frameworks/OpenGL.framework/Versions/A/Libraries/libGLImage.dylib
0x00007fff45692000 	/System/Library/Frameworks/OpenGL.framework/Versions/A/Libraries/libCVMSPluginSupport.dylib
0x00007fff4569b000 	/System/Library/Frameworks/OpenGL.framework/Versions/A/Libraries/libCoreVMClient.dylib
0x00007fff71760000 	/usr/lib/libncurses.5.4.dylib
0x00007fff39a3f000 	/System/Library/Frameworks/ApplicationServices.framework/Versions/A/Frameworks/ATS.framework/Versions/A/ATS
0x00007fff39c0c000 	/System/Library/Frameworks/ApplicationServices.framework/Versions/A/Frameworks/ColorSyncLegacy.framework/Versions/A/ColorSyncLegacy
0x00007fff39cab000 	/System/Library/Frameworks/ApplicationServices.framework/Versions/A/Frameworks/HIServices.framework/Versions/A/HIServices
0x00007fff39d02000 	/System/Library/Frameworks/ApplicationServices.framework/Versions/A/Frameworks/LangAnalysis.framework/Versions/A/LangAnalysis
0x00007fff39d11000 	/System/Library/Frameworks/ApplicationServices.framework/Versions/A/Frameworks/PrintCore.framework/Versions/A/PrintCore
0x00007fff39d57000 	/System/Library/Frameworks/ApplicationServices.framework/Versions/A/Frameworks/QD.framework/Versions/A/QD
0x00007fff39d62000 	/System/Library/Frameworks/ApplicationServices.framework/Versions/A/Frameworks/SpeechSynthesis.framework/Versions/A/SpeechSynthesis
0x00007fff39bdc000 	/System/Library/Frameworks/ApplicationServices.framework/Versions/A/Frameworks/ATSUI.framework/Versions/A/ATSUI
0x00007fff70b9d000 	/usr/lib/libcups.2.dylib
0x00007fff402a5000 	/System/Library/Frameworks/Kerberos.framework/Versions/A/Kerberos
0x00007fff3e525000 	/System/Library/Frameworks/GSS.framework/Versions/A/GSS
0x00007fff71ed6000 	/usr/lib/libresolv.9.dylib
0x00007fff5db83000 	/System/Library/PrivateFrameworks/Heimdal.framework/Versions/A/Heimdal
0x00007fff402b8000 	/System/Library/Frameworks/Kerberos.framework/Versions/A/Libraries/libHeimdalProxy.dylib
0x00007fff70d47000 	/usr/lib/libheimdal-asn1.dylib
0x00007fff521ef000 	/System/Library/PrivateFrameworks/CommonAuth.framework/Versions/A/CommonAuth
0x00007fff4f43a000 	/System/Library/PrivateFrameworks/AssertionServices.framework/Versions/A/AssertionServices
0x00007fff4ffdd000 	/System/Library/PrivateFrameworks/AudioToolboxCore.framework/Versions/A/AudioToolboxCore
0x00007fff6f335000 	/System/Library/PrivateFrameworks/caulk.framework/Versions/A/caulk
0x00007fff5059b000 	/System/Library/PrivateFrameworks/BaseBoard.framework/Versions/A/BaseBoard
0x00007fff67191000 	/System/Library/PrivateFrameworks/RunningBoardServices.framework/Versions/A/RunningBoardServices
0x00007fff6425a000 	/System/Library/PrivateFrameworks/PersistentConnection.framework/Versions/A/PersistentConnection
0x00007fff66be0000 	/System/Library/PrivateFrameworks/ProtocolBuffer.framework/Versions/A/ProtocolBuffer
0x00007fff52214000 	/System/Library/PrivateFrameworks/CommonUtilities.framework/Versions/A/CommonUtilities
0x00007fff5071e000 	/System/Library/PrivateFrameworks/Bom.framework/Versions/A/Bom
0x00007fff6f9aa000 	/usr/lib/libAudioToolboxUtility.dylib
0x00007fff504f9000 	/System/Library/PrivateFrameworks/Backup.framework/Versions/A/Backup
0x00007fff55004000 	/System/Library/PrivateFrameworks/CrashReporterSupport.framework/Versions/A/CrashReporterSupport
0x00007fff68c8d000 	/System/Library/PrivateFrameworks/Sharing.framework/Versions/A/Sharing
0x00007fff4ebde000 	/System/Library/PrivateFrameworks/Apple80211.framework/Versions/A/Apple80211
0x00007fff5021b000 	/System/Library/PrivateFrameworks/AuthKit.framework/Versions/A/AuthKit
0x00007fff54d34000 	/System/Library/PrivateFrameworks/CoreUtils.framework/Versions/A/CoreUtils
0x00007fff3da8b000 	/System/Library/Frameworks/CoreWLAN.framework/Versions/A/CoreWLAN
0x00007fff3e6b1000 	/System/Library/Frameworks/IOBluetooth.framework/Versions/A/IOBluetooth
0x00007fff61ebc000 	/System/Library/PrivateFrameworks/MobileKeyBag.framework/Versions/A/MobileKeyBag
0x00007fff53dff000 	/System/Library/PrivateFrameworks/CorePhoneNumbers.framework/Versions/A/CorePhoneNumbers
0x00007fff4ee46000 	/System/Library/PrivateFrameworks/AppleIDAuthSupport.framework/Versions/A/AppleIDAuthSupport
0x00007fff4214a000 	/System/Library/Frameworks/Network.framework/Versions/A/Network
0x00007fff6057c000 	/System/Library/PrivateFrameworks/KeychainCircle.framework/Versions/A/KeychainCircle
0x00007fff3b4ff000 	/System/Library/Frameworks/CoreBluetooth.framework/Versions/A/CoreBluetooth
0x00007fff6a909000 	/System/Library/PrivateFrameworks/SpeechRecognitionCore.framework/Versions/A/SpeechRecognitionCore
0x0000000109800000 	/Applications/IntelliJ IDEA.app/Contents/jbr/Contents/Home/lib/server/libjvm.dylib
0x0000000108f21000 	/Applications/IntelliJ IDEA.app/Contents/jbr/Contents/Home/lib/libverify.dylib
0x0000000108f32000 	/Applications/IntelliJ IDEA.app/Contents/jbr/Contents/Home/lib/libjava.dylib
0x0000000108f7e000 	/Applications/IntelliJ IDEA.app/Contents/jbr/Contents/Home/lib/libinstrument.dylib
0x0000000108fdb000 	/Applications/IntelliJ IDEA.app/Contents/jbr/Contents/Home/lib/libzip.dylib
0x0000000108fe8000 	/Applications/IntelliJ IDEA.app/Contents/jbr/Contents/Home/lib/libjimage.dylib
0x0000000127040000 	/Applications/IntelliJ IDEA.app/Contents/jbr/Contents/Home/lib/libnio.dylib
0x0000000127053000 	/Applications/IntelliJ IDEA.app/Contents/jbr/Contents/Home/lib/libnet.dylib
0x00000001270f5000 	/Applications/IntelliJ IDEA.app/Contents/jbr/Contents/Home/lib/libextnet.dylib
0x00000001270fd000 	/Applications/IntelliJ IDEA.app/Contents/jbr/Contents/Home/lib/libmanagement.dylib
0x0000000127107000 	/Applications/IntelliJ IDEA.app/Contents/jbr/Contents/Home/lib/libmanagement_ext.dylib
0x0000000128d30000 	/Applications/IntelliJ IDEA.app/Contents/jbr/Contents/Home/lib/libsunec.dylib


VM Arguments:
jvm_args: -XX:TieredStopAtLevel=1 -Xverify:none -Dspring.output.ansi.enabled=always -Dcom.sun.management.jmxremote -Dspring.jmx.enabled=true -Dspring.liveBeansView.mbeanDomain -Dspring.application.admin.enabled=true -javaagent:/Applications/IntelliJ IDEA.app/Contents/lib/idea_rt.jar=55972:/Applications/IntelliJ IDEA.app/Contents/bin -Dfile.encoding=UTF-8 
java_command: de.hhu.propra2.material2.mops.Material2Application
java_class_path (initial): /Users/matveylorkish/Desktop/Abschlussarbeit/abschlussprojekt-team-git-gud/build/classes/java/main:/Users/matveylorkish/Desktop/Abschlussarbeit/abschlussprojekt-team-git-gud/build/resources/main:/Users/matveylorkish/.gradle/caches/modules-2/files-2.1/org.springframework.boot/spring-boot-starter-data-jdbc/2.2.5.RELEASE/15dd290a2d119f15928a9b4d16ca95f010766b56/spring-boot-starter-data-jdbc-2.2.5.RELEASE.jar:/Users/matveylorkish/.gradle/caches/modules-2/files-2.1/org.springframework.boot/spring-boot-devtools/2.2.5.RELEASE/43d986a4f295434b37b99703de9852e8c914d299/spring-boot-devtools-2.2.5.RELEASE.jar:/Users/matveylorkish/.gradle/caches/modules-2/files-2.1/io.micrometer/micrometer-registry-prometheus/1.3.5/244c1bf774c62d56cca84dcc822cc3b3fecce760/micrometer-registry-prometheus-1.3.5.jar:/Users/matveylorkish/.gradle/caches/modules-2/files-2.1/org.springframework.boot/spring-boot-starter-actuator/2.2.5.RELEASE/7fe25d7ce9499953a05cbff92c7e3cd0942b6f7d/spring-boot-starter-actuator-2.2.5.RELEASE.jar:/Users/matveylorkish/.gradle/caches/modules-2/files-2.1/org.springframework.boot/spring-boot-starter-security/2.2.5.RELEASE/cbfba435fa8fd82d82cca2ac57dcf8ed326da274/spring-boot-starter-security-2.2.5.RELEASE.jar:/Users/matveylorkish/.gradle/caches/modules-2/files-2.1/org.springframework.boot/spring-boot-starter-thymeleaf/2.2.5.RELEASE/4022d870c07c0963e9f5542d01ec2aebaace7634/spring-boot-starter-thymeleaf-2.2.5.RELEASE.jar:/Users/matveylorkish/.gradle/caches/modules-2/files-2.1/org.springframework.boot/spring-boot-starter-web/2.2.5.RELEASE/c84df617eb302ea502af8b37406df13f1fe6669b/spring-boot-starter-web-2.2.5.RELEASE.jar:/Users/matveylorkish/.gradle/caches/modules-2/files-2.1/com.jlefebure/spring-boot-starter-minio/1.1/ba17b1f6750ead9df9df4b0432b3c5a8324b2f2d/spring-boot-starter-minio-1.1.jar:/Users/matveylorkish/.gradle/caches/modules-2/files-2.1/mops/styleguide/2.1.0/38408e0df1dff875f4a8426ee09152483b4203d2/styleguide-2.1.0.jar:/Users/matveylorkish/.
Launcher Type: SUN_STANDARD

[Global flags]
     bool BytecodeVerificationLocal                = false                                     {product} {command line}
     bool BytecodeVerificationRemote               = false                                     {product} {command line}
     intx CICompilerCount                          = 3                                         {product} {ergonomic}
     uint ConcGCThreads                            = 1                                         {product} {ergonomic}
     uint G1ConcRefinementThreads                  = 4                                         {product} {ergonomic}
   size_t G1HeapRegionSize                         = 1048576                                   {product} {ergonomic}
    uintx GCDrainStackTargetSize                   = 64                                        {product} {ergonomic}
   size_t InitialHeapSize                          = 134217728                                 {product} {ergonomic}
     bool ManagementServer                         = true                                      {product} {command line}
   size_t MarkStackSize                            = 4194304                                   {product} {ergonomic}
   size_t MaxHeapSize                              = 2147483648                                {product} {ergonomic}
   size_t MaxNewSize                               = 1287651328                                {product} {ergonomic}
   size_t MinHeapDeltaBytes                        = 1048576                                   {product} {ergonomic}
    uintx NonNMethodCodeHeapSize                   = 6973028                                {pd product} {ergonomic}
    uintx NonProfiledCodeHeapSize                  = 244685212                              {pd product} {ergonomic}
    uintx ProfiledCodeHeapSize                     = 0                                      {pd product} {ergonomic}
    uintx ReservedCodeCacheSize                    = 251658240                              {pd product} {ergonomic}
     bool SegmentedCodeCache                       = true                                      {product} {ergonomic}
     intx TieredStopAtLevel                        = 1                                         {product} {command line}
     bool UseCompressedClassPointers               = true                                 {lp64_product} {ergonomic}
     bool UseCompressedOops                        = true                                 {lp64_product} {ergonomic}
     bool UseG1GC                                  = true                                      {product} {ergonomic}

Logging:
Log output configuration:
 #0: stdout all=warning uptime,level,tags
 #1: stderr all=off uptime,level,tags

Environment Variables:
PATH=/Library/Frameworks/Python.framework/Versions/3.8/bin:/usr/local/bin:/usr/bin:/bin:/usr/sbin:/sbin
SHELL=/bin/zsh

Signal Handlers:
SIGSEGV: [libjvm.dylib+0x73dd4a], sa_mask[0]=11111111011111110111111111111111, sa_flags=SA_ONSTACK|SA_RESTART|SA_SIGINFO
SIGBUS: [libjvm.dylib+0x73dd4a], sa_mask[0]=11111111011111110111111111111111, sa_flags=SA_RESTART|SA_SIGINFO
SIGFPE: [libjvm.dylib+0x73dd4a], sa_mask[0]=11111111011111110111111111111111, sa_flags=SA_RESTART|SA_SIGINFO
SIGPIPE: [libjvm.dylib+0x5f04e6], sa_mask[0]=11111111011111110111111111111111, sa_flags=SA_RESTART|SA_SIGINFO
SIGXFSZ: [libjvm.dylib+0x5f04e6], sa_mask[0]=11111111011111110111111111111111, sa_flags=SA_RESTART|SA_SIGINFO
SIGILL: [libjvm.dylib+0x73dd4a], sa_mask[0]=11111111011111110111111111111111, sa_flags=SA_RESTART|SA_SIGINFO
SIGUSR2: [libjvm.dylib+0x5f0acb], sa_mask[0]=00100000000000000000000000000000, sa_flags=SA_RESTART|SA_SIGINFO
SIGHUP: [libjvm.dylib+0x5ef51d], sa_mask[0]=11111111011111110111111111111111, sa_flags=SA_RESTART|SA_SIGINFO
SIGINT: [libjvm.dylib+0x5ef51d], sa_mask[0]=11111111011111110111111111111111, sa_flags=SA_RESTART|SA_SIGINFO
SIGTERM: [libjvm.dylib+0x5ef51d], sa_mask[0]=11111111011111110111111111111111, sa_flags=SA_RESTART|SA_SIGINFO
SIGQUIT: [libjvm.dylib+0x5ef51d], sa_mask[0]=11111111011111110111111111111111, sa_flags=SA_RESTART|SA_SIGINFO


---------------  S Y S T E M  ---------------

OS:uname:Darwin 19.3.0 Darwin Kernel Version 19.3.0: Thu Jan  9 20:58:23 PST 2020; root:xnu-6153.81.5~1/RELEASE_X86_64 x86_64
rlimit: STACK 8192k, CORE 0k, NPROC 1392, NOFILE 10240, AS infinity, DATA infinity, FSIZE infinity
load average:2.06 2.72 3.08

CPU:total 4 (initial active 4) (2 cores per cpu, 2 threads per core) family 6 model 61 stepping 4, cmov, cx8, fxsr, mmx, sse, sse2, sse3, ssse3, sse4.1, sse4.2, popcnt, avx, avx2, aes, clmul, erms, 3dnowpref, lzcnt, ht, tsc, tscinvbit, bmi1, bmi2, adx, fma

Memory: 4k page, physical 8388608k(115428k free)

vm_info: OpenJDK 64-Bit Server VM (11.0.4+10-b520.11) for bsd-amd64 JRE (11.0.4+10-b520.11), built on Nov 15 2019 17:47:20 by "builduser" with gcc 4.2.1 Compatible Apple LLVM 9.1.0 (clang-902.0.39.2)

END.
